3742
0 0 5 1
0 2 5 3
0 4 5 5
0 6 5 7
0 9 5 10
0 11 5 12
0 13 5 14
0 15 5 16
0 17 5 18
0 19 5 20
0 21 5 22
0 23 5 24
0 25 5 26
0 27 5 28
0 29 5 30
0 31 5 32
0 33 5 34
0 36 5 37
0 38 5 39
0 40 5 41
0 42 5 43
0 44 5 45
0 46 5 47
0 48 5 49
0 50 5 51
0 54 5 55
0 56 5 57
0 58 5 59
0 60 5 61
0 62 5 63
0 64 5 65
0 66 5 67
0 68 5 69
0 70 5 71
0 72 5 73
0 74 5 75
0 76 5 77
0 78 5 79
0 80 5 81
0 82 5 83
0 84 5 85
0 86 5 87
0 89 5 90
0 91 5 92
0 93 5 94
0 96 5 97
0 98 5 99
0 100 5 101
0 102 5 103
0 105 5 106
0 107 5 108
0 109 5 110
0 111 5 112
0 113 5 114
0 115 5 116
0 117 5 118
0 119 5 120
0 121 5 122
0 123 5 124
0 125 5 126
0 127 5 128
0 129 5 130
0 131 5 132
0 133 5 134
0 137 5 138
0 139 5 140
0 141 5 142
0 143 5 144
0 145 5 146
0 147 5 148
0 150 5 151
0 152 5 153
0 154 5 155
0 156 5 157
0 158 5 159
0 160 5 161
0 162 5 163
0 164 5 165
0 166 5 167
0 168 5 169
0 170 5 171
0 172 5 173
0 174 5 175
0 176 5 177
0 178 5 179
0 180 5 181
0 182 5 183
0 184 5 185
0 186 5 187
0 188 5 189
0 190 5 191
0 192 5 193
0 194 5 195
0 197 5 198
0 201 5 202
0 203 5 204
0 205 5 206
0 207 5 208
0 209 5 210
0 212 5 213
0 214 5 215
0 216 5 217
0 218 5 219
0 220 5 221
0 222 5 223
0 224 5 225
0 227 5 228
0 229 5 230
0 231 5 232
0 233 5 234
0 235 5 236
0 237 5 238
0 239 5 240
0 241 5 242
0 243 5 244
0 245 5 246
0 247 5 248
1 52 6 53
1 199 6 200
2 135 7 136
6 0 11 1
6 2 11 3
6 4 11 5
6 6 11 7
6 8 11 9
6 10 11 11
6 12 11 13
6 14 11 15
6 16 11 17
6 18 11 19
6 20 11 21
6 23 11 24
6 25 11 26
6 27 11 28
6 29 11 30
6 31 11 32
6 33 11 34
6 35 11 36
6 38 11 39
6 40 11 41
6 42 11 43
6 44 11 45
6 47 11 48
6 49 11 50
6 54 11 55
6 56 11 57
6 58 11 59
6 60 11 61
6 62 11 63
6 64 11 65
6 66 11 67
6 68 11 69
6 71 11 72
6 73 11 74
6 75 11 76
6 77 11 78
6 79 11 80
6 81 11 82
6 83 11 84
6 85 11 86
6 87 11 88
6 89 11 90
6 91 11 92
6 93 11 94
6 95 11 96
6 97 11 98
6 99 11 100
6 101 11 102
6 103 11 104
6 106 11 107
6 108 11 109
6 112 11 113
6 114 11 115
6 116 11 117
6 118 11 119
6 120 11 121
6 122 11 123
6 124 11 125
6 126 11 127
6 128 11 129
6 130 11 131
6 132 11 133
6 137 11 138
6 141 11 142
6 143 11 144
6 145 11 146
6 147 11 148
6 149 11 150
6 151 11 152
6 153 11 154
6 155 11 156
6 157 11 158
6 160 11 161
6 162 11 163
6 164 11 165
6 166 11 167
6 168 11 169
6 170 11 171
6 172 11 173
6 174 11 175
6 176 11 177
6 180 11 181
6 182 11 183
6 184 11 185
6 186 11 187
6 188 11 189
6 190 11 191
6 192 11 193
6 194 11 195
6 196 11 197
6 201 11 202
6 203 11 204
6 205 11 206
6 207 11 208
6 209 11 210
6 211 11 212
6 213 11 214
6 217 11 218
6 219 11 220
6 221 11 222
6 223 11 224
6 225 11 226
6 227 11 228
6 230 11 231
6 232 11 233
6 236 11 237
6 238 11 239
6 240 11 241
6 242 11 243
6 244 11 245
6 246 11 247
7 51 12 52
7 139 12 140
7 198 12 199
7 248 12 249
8 134 13 135
8 215 13 216
9 234 14 235
10 110 15 111
12 0 17 1
12 2 17 3
12 6 17 7
12 8 17 9
12 11 17 12
12 14 17 15
12 17 17 18
12 19 17 20
12 21 17 22
12 23 17 24
12 25 17 26
12 27 17 28
12 29 17 30
12 31 17 32
12 33 17 34
12 35 17 36
12 38 17 39
12 40 17 41
12 42 17 43
12 44 17 45
12 46 17 47
12 48 17 49
12 53 17 54
12 55 17 56
12 57 17 58
12 59 17 60
12 61 17 62
12 63 17 64
12 65 17 66
12 68 17 69
12 71 17 72
12 73 17 74
12 75 17 76
12 79 17 80
12 81 17 82
12 85 17 86
12 87 17 88
12 89 17 90
12 91 17 92
12 94 17 95
12 96 17 97
12 98 17 99
12 100 17 101
12 102 17 103
12 104 17 105
12 106 17 107
12 108 17 109
12 113 17 114
12 115 17 116
12 117 17 118
12 119 17 120
12 121 17 122
12 123 17 124
12 125 17 126
12 127 17 128
12 129 17 130
12 131 17 132
12 136 17 137
12 141 17 142
12 145 17 146
12 147 17 148
12 149 17 150
12 151 17 152
12 153 17 154
12 156 17 157
12 160 17 161
12 162 17 163
12 164 17 165
12 166 17 167
12 168 17 169
12 170 17 171
12 172 17 173
12 174 17 175
12 176 17 177
12 179 17 180
12 181 17 182
12 184 17 185
12 186 17 187
12 188 17 189
12 190 17 191
12 192 17 193
12 195 17 196
12 200 17 201
12 202 17 203
12 204 17 205
12 206 17 207
12 208 17 209
12 210 17 211
12 212 17 213
12 217 17 218
12 220 17 221
12 223 17 224
12 225 17 226
12 227 17 228
12 229 17 230
12 231 17 232
12 236 17 237
12 238 17 239
12 241 17 242
12 243 17 244
12 245 17 246
13 50 18 51
13 138 18 139
13 143 18 144
13 158 18 159
13 197 18 198
13 247 18 248
14 77 19 78
14 133 19 134
14 214 19 215
15 83 20 84
15 233 20 234
16 4 21 5
16 110 21 111
18 0 23 1
18 2 23 3
18 7 23 8
18 9 23 10
18 11 23 12
18 13 23 14
18 15 23 16
18 17 23 18
18 19 23 20
18 21 23 22
18 23 23 24
18 25 23 26
18 27 23 28
18 30 23 31
18 32 23 33
18 34 23 35
18 36 23 37
18 38 23 39
18 40 23 41
18 42 23 43
18 44 23 45
18 46 23 47
18 48 23 49
18 52 23 53
18 54 23 55
18 56 23 57
18 58 23 59
18 60 23 61
18 62 23 63
18 64 23 65
18 66 23 67
18 69 23 70
18 71 23 72
18 73 23 74
18 75 23 76
18 79 23 80
18 81 23 82
18 85 23 86
18 87 23 88
18 89 23 90
18 91 23 92
18 93 23 94
18 96 23 97
18 98 23 99
18 100 23 101
18 102 23 103
18 104 23 105
18 106 23 107
18 108 23 109
18 112 23 113
18 114 23 115
18 119 23 120
18 121 23 122
18 123 23 124
18 126 23 127
18 129 23 130
18 131 23 132
18 136 23 137
18 140 23 141
18 145 23 146
18 147 23 148
18 149 23 150
18 151 23 152
18 153 23 154
18 155 23 156
18 161 23 162
18 163 23 164
18 165 23 166
18 168 23 169
18 170 23 171
18 172 23 173
18 174 23 175
18 177 23 178
18 179 23 180
18 181 23 182
18 183 23 184
18 186 23 187
18 188 23 189
18 190 23 191
18 192 23 193
18 195 23 196
18 199 23 200
18 201 23 202
18 203 23 204
18 205 23 206
18 207 23 208
18 209 23 210
18 211 23 212
18 218 23 219
18 220 23 221
18 222 23 223
18 224 23 225
18 227 23 228
18 229 23 230
18 235 23 236
18 238 23 239
18 240 23 241
18 242 23 243
18 244 23 245
19 50 24 51
19 138 24 139
19 143 24 144
19 157 24 158
19 159 24 160
19 216 24 217
19 231 24 232
19 246 24 247
19 248 24 249
20 77 25 78
20 133 25 134
20 213 25 214
21 233 26 234
22 4 27 5
22 110 27 111
22 117 27 118
24 0 29 1
24 6 29 7
24 8 29 9
24 10 29 11
24 12 29 13
24 14 29 15
24 16 29 17
24 18 29 19
24 20 29 21
24 22 29 23
24 24 29 25
24 26 29 27
24 29 29 30
24 31 29 32
24 36 29 37
24 40 29 41
24 42 29 43
24 44 29 45
24 46 29 47
24 52 29 53
24 54 29 55
24 56 29 57
24 58 29 59
24 60 29 61
24 62 29 63
24 64 29 65
24 66 29 67
24 69 29 70
24 72 29 73
24 74 29 75
24 79 29 80
24 81 29 82
24 84 29 85
24 87 29 88
24 89 29 90
24 91 29 92
24 93 29 94
24 95 29 96
24 97 29 98
24 99 29 100
24 101 29 102
24 103 29 104
24 106 29 107
24 108 29 109
24 112 29 113
24 114 29 115
24 119 29 120
24 122 29 123
24 124 29 125
24 126 29 127
24 128 29 129
24 130 29 131
24 135 29 136
24 140 29 141
24 145 29 146
24 147 29 148
24 149 29 150
24 151 29 152
24 153 29 154
24 155 29 156
24 161 29 162
24 163 29 164
24 165 29 166
24 167 29 168
24 169 29 170
24 171 29 172
24 173 29 174
24 175 29 176
24 177 29 178
24 179 29 180
24 181 29 182
24 183 29 184
24 185 29 186
24 187 29 188
24 189 29 190
24 191 29 192
24 193 29 194
24 195 29 196
24 197 29 198
24 199 29 200
24 201 29 202
24 205 29 206
24 207 29 208
24 209 29 210
24 211 29 212
24 218 29 219
24 220 29 221
24 222 29 223
24 224 29 225
24 226 29 227
24 228 29 229
24 235 29 236
24 237 29 238
24 239 29 240
24 241 29 242
24 243 29 244
25 33 30 34
25 38 30 39
25 49 30 50
25 138 30 139
25 143 30 144
25 157 30 158
25 216 30 217
25 230 30 231
25 245 30 246
25 247 30 248
26 76 31 77
26 132 31 133
26 203 31 204
26 214 31 215
27 232 32 233
28 2 33 3
28 4 33 5
28 110 33 111
28 116 33 117
30 0 35 1
30 9 35 10
30 11 35 12
30 14 35 15
30 17 35 18
30 19 35 20
30 22 35 23
30 24 35 25
30 26 35 27
30 28 35 29
30 30 35 31
30 35 35 36
30 40 35 41
30 42 35 43
30 44 35 45
30 46 35 47
30 51 35 52
30 53 35 54
30 55 35 56
30 57 35 58
30 59 35 60
30 61 35 62
30 63 35 64
30 65 35 66
30 67 35 68
30 69 35 70
30 71 35 72
30 78 35 79
30 80 35 81
30 83 35 84
30 85 35 86
30 87 35 88
30 89 35 90
30 91 35 92
30 93 35 94
30 95 35 96
30 97 35 98
30 99 35 100
30 101 35 102
30 103 35 104
30 106 35 107
30 108 35 109
30 112 35 113
30 114 35 115
30 118 35 119
30 120 35 121
30 122 35 123
30 124 35 125
30 126 35 127
30 128 35 129
30 130 35 131
30 134 35 135
30 136 35 137
30 140 35 141
30 145 35 146
30 147 35 148
30 149 35 150
30 151 35 152
30 153 35 154
30 155 35 156
30 159 35 160
30 161 35 162
30 165 35 166
30 167 35 168
30 169 35 170
30 171 35 172
30 173 35 174
30 176 35 177
30 178 35 179
30 180 35 181
30 182 35 183
30 185 35 186
30 187 35 188
30 189 35 190
30 192 35 193
30 194 35 195
30 196 35 197
30 200 35 201
30 209 35 210
30 211 35 212
30 218 35 219
30 220 35 221
30 223 35 224
30 225 35 226
30 227 35 228
30 234 35 235
30 236 35 237
30 238 35 239
30 240 35 241
30 242 35 243
31 7 36 8
31 32 36 33
31 37 36 38
31 48 36 49
31 74 36 75
31 138 36 139
31 142 36 143
31 157 36 158
31 198 36 199
31 205 36 206
31 216 36 217
31 229 36 230
31 244 36 245
31 246 36 247
31 248 36 249
32 76 37 77
32 202 37 203
32 213 37 214
33 132 38 133
33 163 38 164
33 207 38 208
33 231 38 232
34 2 39 3
34 4 39 5
34 110 39 111
34 116 39 117
36 9 41 10
36 11 41 12
36 13 41 14
36 16 41 17
36 18 41 19
36 20 41 21
36 22 41 23
36 24 41 25
36 26 41 27
36 28 41 29
36 30 41 31
36 34 41 35
36 41 41 42
36 43 41 44
36 45 41 46
36 50 41 51
36 53 41 54
36 55 41 56
36 57 41 58
36 59 41 60
36 61 41 62
36 63 41 64
36 65 41 66
36 67 41 68
36 69 41 70
36 71 41 72
36 78 41 79
36 80 41 81
36 84 41 85
36 86 41 87
36 88 41 89
36 90 41 91
36 92 41 93
36 94 41 95
36 96 41 97
36 98 41 99
36 100 41 101
36 102 41 103
36 104 41 105
36 106 41 107
36 112 41 113
36 119 41 120
36 121 41 122
36 123 41 124
36 125 41 126
36 127 41 128
36 129 41 130
36 134 41 135
36 136 41 137
36 140 41 141
36 144 41 145
36 147 41 148
36 149 41 150
36 151 41 152
36 153 41 154
36 155 41 156
36 160 41 161
36 165 41 166
36 167 41 168
36 169 41 170
36 171 41 172
36 174 41 175
36 176 41 177
36 178 41 179
36 180 41 181
36 182 41 183
36 184 41 185
36 186 41 187
36 188 41 189
36 191 41 192
36 195 41 196
36 200 41 201
36 209 41 210
36 218 41 219
36 220 41 221
36 222 41 223
36 225 41 226
36 233 41 234
36 235 41 236
36 237 41 238
36 239 41 240
36 241 41 242
37 0 42 1
37 6 42 7
37 32 42 33
37 36 42 37
37 38 42 39
37 47 42 48
37 73 42 74
37 138 42 139
37 142 42 143
37 157 42 158
37 193 42 194
37 197 42 198
37 204 42 205
37 215 42 216
37 227 42 228
37 229 42 230
37 243 42 244
37 245 42 246
37 247 42 248
38 75 43 76
38 108 43 109
38 202 43 203
38 213 43 214
39 82 44 83
39 114 44 115
39 131 44 132
39 162 44 163
39 206 44 207
39 211 44 212
39 231 44 232
40 2 45 3
40 4 45 5
40 110 45 111
40 116 45 117
42 8 47 9
42 10 47 11
42 12 47 13
42 14 47 15
42 16 47 17
42 19 47 20
42 21 47 22
42 23 47 24
42 25 47 26
42 27 47 28
42 29 47 30
42 34 47 35
42 40 47 41
42 42 47 43
42 44 47 45
42 49 47 50
42 51 47 52
42 53 47 54
42 55 47 56
42 57 47 58
42 59 47 60
42 61 47 62
42 63 47 64
42 66 47 67
42 68 47 69
42 70 47 71
42 77 47 78
42 79 47 80
42 85 47 86
42 87 47 88
42 90 47 91
42 92 47 93
42 94 47 95
42 96 47 97
42 98 47 99
42 100 47 101
42 102 47 103
42 104 47 105
42 106 47 107
42 112 47 113
42 118 47 119
42 120 47 121
42 122 47 123
42 124 47 125
42 126 47 127
42 128 47 129
42 133 47 134
42 135 47 136
42 140 47 141
42 144 47 145
42 146 47 147
42 148 47 149
42 150 47 151
42 154 47 155
42 159 47 160
42 164 47 165
42 166 47 167
42 168 47 169
42 170 47 171
42 172 47 173
42 174 47 175
42 176 47 177
42 179 47 180
42 183 47 184
42 185 47 186
42 187 47 188
42 189 47 190
42 191 47 192
42 195 47 196
42 199 47 200
42 208 47 209
42 218 47 219
42 220 47 221
42 222 47 223
42 224 47 225
42 233 47 234
42 235 47 236
42 237 47 238
42 239 47 240
42 241 47 242
43 0 48 1
43 6 48 7
43 31 48 32
43 36 48 37
43 38 48 39
43 46 48 47
43 72 48 73
43 138 48 139
43 142 48 143
43 156 48 157
43 181 48 182
43 193 48 194
43 197 48 198
43 204 48 205
43 215 48 216
43 226 48 227
43 228 48 229
43 244 48 245
43 246 48 247
43 248 48 249
44 74 49 75
44 108 49 109
44 201 49 202
44 213 49 214
45 81 50 82
45 83 50 84
45 130 50 131
45 152 50 153
45 161 50 162
45 206 50 207
45 210 50 211
45 230 50 231
46 2 51 3
46 4 51 5
46 110 51 111
46 114 51 115
48 8 53 9
48 10 53 11
48 12 53 13
48 14 53 15
48 16 53 17
48 18 53 19
48 21 53 22
48 23 53 24
48 25 53 26
48 28 53 29
48 34 53 35
48 41 53 42
48 43 53 44
48 50 53 51
48 54 53 55
48 56 53 57
48 58 53 59
48 61 53 62
48 63 53 64
48 65 53 66
48 67 53 68
48 69 53 70
48 76 53 77
48 78 53 79
48 85 53 86
48 87 53 88
48 89 53 90
48 91 53 92
48 93 53 94
48 95 53 96
48 97 53 98
48 99 53 100
48 104 53 105
48 106 53 107
48 112 53 113
48 117 53 118
48 119 53 120
48 121 53 122
48 124 53 125
48 126 53 127
48 128 53 129
48 132 53 133
48 134 53 135
48 136 53 137
48 140 53 141
48 144 53 145
48 147 53 148
48 149 53 150
48 158 53 159
48 163 53 164
48 165 53 166
48 167 53 168
48 169 53 170
48 171 53 172
48 174 53 175
48 176 53 177
48 179 53 180
48 183 53 184
48 185 53 186
48 187 53 188
48 190 53 191
48 195 53 196
48 199 53 200
48 217 53 218
48 219 53 220
48 222 53 223
48 224 53 225
48 232 53 233
48 234 53 235
48 236 53 237
48 240 53 241
48 242 53 243
49 0 54 1
49 6 54 7
49 32 54 33
49 36 54 37
49 38 54 39
49 45 54 46
49 47 54 48
49 71 54 72
49 138 54 139
49 142 54 143
49 154 54 155
49 156 54 157
49 181 54 182
49 192 54 193
49 197 54 198
49 203 54 204
49 208 54 209
49 215 54 216
49 226 54 227
49 228 54 229
49 244 54 245
49 246 54 247
49 248 54 249
50 30 55 31
50 73 55 74
50 102 55 103
50 108 55 109
50 201 55 202
50 212 55 213
51 80 56 81
51 82 56 83
51 130 56 131
51 160 56 161
51 205 56 206
51 210 56 211
51 230 56 231
52 2 57 3
52 4 57 5
52 52 57 53
52 110 57 111
52 152 57 153
52 238 57 239
53 114 58 115
54 8 59 9
54 10 59 11
54 12 59 13
54 14 59 15
54 17 59 18
54 19 59 20
54 21 59 22
54 23 59 24
54 25 59 26
54 34 59 35
54 40 59 41
54 42 59 43
54 50 59 51
54 54 59 55
54 56 59 57
54 58 59 59
54 60 59 61
54 64 59 65
54 66 59 67
54 68 59 69
54 75 59 76
54 77 59 78
54 84 59 85
54 86 59 87
54 89 59 90
54 91 59 92
54 93 59 94
54 95 59 96
54 97 59 98
54 99 59 100
54 104 59 105
54 106 59 107
54 112 59 113
54 116 59 117
54 118 59 119
54 120 59 121
54 122 59 123
54 124 59 125
54 126 59 127
54 128 59 129
54 132 59 133
54 134 59 135
54 136 59 137
54 140 59 141
54 144 59 145
54 146 59 147
54 148 59 149
54 150 59 151
54 158 59 159
54 162 59 163
54 164 59 165
54 167 59 168
54 169 59 170
54 171 59 172
54 173 59 174
54 175 59 176
54 177 59 178
54 183 59 184
54 185 59 186
54 187 59 188
54 189 59 190
54 194 59 195
54 199 59 200
54 217 59 218
54 219 59 220
54 221 59 222
54 223 59 224
54 232 59 233
54 234 59 235
54 236 59 237
54 240 59 241
54 242 59 243
55 0 60 1
55 6 60 7
55 28 60 29
55 32 60 33
55 36 60 37
55 38 60 39
55 44 60 45
55 46 60 47
55 71 60 72
55 142 60 143
55 154 60 155
55 156 60 157
55 179 60 180
55 191 60 192
55 196 60 197
55 203 60 204
55 207 60 208
55 214 60 215
55 225 60 226
55 227 60 228
55 244 60 245
55 246 60 247
55 248 60 249
56 30 61 31
56 73 61 74
56 101 61 102
56 108 61 109
56 138 61 139
56 181 61 182
56 201 61 202
56 212 61 213
57 48 62 49
57 62 62 63
57 79 62 80
57 81 62 82
57 130 62 131
57 205 62 206
57 209 62 210
57 229 62 230
58 2 63 3
58 4 63 5
58 52 63 53
58 110 63 111
58 152 63 153
58 160 63 161
58 238 63 239
59 114 64 115
60 8 65 9
60 10 65 11
60 12 65 13
60 14 65 15
60 16 65 17
60 19 65 20
60 21 65 22
60 23 65 24
60 25 65 26
60 34 65 35
60 40 65 41
60 42 65 43
60 54 65 55
60 56 65 57
60 59 65 60
60 65 65 66
60 67 65 68
60 69 65 70
60 75 65 76
60 77 65 78
60 83 65 84
60 85 65 86
60 87 65 88
60 89 65 90
60 91 65 92
60 93 65 94
60 95 65 96
60 97 65 98
60 99 65 100
60 103 65 104
60 105 65 106
60 112 65 113
60 116 65 117
60 118 65 119
60 123 65 124
60 125 65 126
60 127 65 128
60 133 65 134
60 135 65 136
60 140 65 141
60 144 65 145
60 146 65 147
60 149 65 150
60 158 65 159
60 162 65 163
60 164 65 165
60 166 65 167
60 168 65 169
60 173 65 174
60 175 65 176
60 177 65 178
60 183 65 184
60 185 65 186
60 188 65 189
60 193 65 194
60 198 65 199
60 216 65 217
60 220 65 221
60 222 65 223
60 231 65 232
60 233 65 234
60 240 65 241
60 242 65 243
61 6 66 7
61 27 66 28
61 32 66 33
61 36 66 37
61 44 66 45
61 46 66 47
61 50 66 51
61 120 66 121
61 142 66 143
61 155 66 156
61 179 66 180
61 190 66 191
61 195 66 196
61 203 66 204
61 207 66 208
61 214 66 215
61 218 66 219
61 224 66 225
61 226 66 227
61 244 66 245
61 246 66 247
61 248 66 249
62 0 67 1
62 29 67 30
62 38 67 39
62 71 67 72
62 73 67 74
62 101 67 102
62 107 67 108
62 137 67 138
62 171 67 172
62 181 67 182
62 201 67 202
62 211 67 212
63 48 68 49
63 61 68 62
63 63 68 64
63 79 68 80
63 81 68 82
63 129 68 130
63 131 68 132
63 205 68 206
63 209 68 210
63 229 68 230
64 3 69 4
64 52 69 53
64 110 69 111
64 151 69 152
64 153 69 154
64 160 69 161
64 237 69 238
65 114 70 115
66 8 71 9
66 10 71 11
66 12 71 13
66 14 71 15
66 16 71 17
66 18 71 19
66 20 71 21
66 22 71 23
66 25 71 26
66 34 71 35
66 41 71 42
66 54 71 55
66 56 71 57
66 58 71 59
66 66 71 67
66 68 71 69
66 75 71 76
66 77 71 78
66 83 71 84
66 85 71 86
66 87 71 88
66 90 71 91
66 92 71 93
66 94 71 95
66 96 71 97
66 98 71 99
66 103 71 104
66 105 71 106
66 116 71 117
66 118 71 119
66 122 71 123
66 124 71 125
66 126 71 127
66 133 71 134
66 139 71 140
66 144 71 145
66 146 71 147
66 148 71 149
66 157 71 158
66 162 71 163
66 166 71 167
66 168 71 169
66 173 71 174
66 175 71 176
66 177 71 178
66 183 71 184
66 186 71 187
66 188 71 189
66 193 71 194
66 197 71 198
66 199 71 200
66 216 71 217
66 220 71 221
66 231 71 232
66 233 71 234
66 240 71 241
66 242 71 243
67 31 72 32
67 36 72 37
67 46 72 47
67 50 72 51
67 112 72 113
67 120 72 121
67 141 72 142
67 155 72 156
67 179 72 180
67 203 72 204
67 207 72 208
67 213 72 214
67 218 72 219
67 224 72 225
67 226 72 227
67 244 72 245
67 246 72 247
67 248 72 249
68 0 73 1
68 5 73 6
68 28 73 29
68 38 73 39
68 44 73 45
68 71 73 72
68 73 73 74
68 100 73 101
68 137 73 138
68 170 73 171
68 191 73 192
68 195 73 196
68 201 73 202
69 48 74 49
69 60 74 61
69 62 74 63
69 64 74 65
69 79 74 80
69 107 74 108
69 128 74 129
69 130 74 131
69 205 74 206
69 209 74 210
69 211 74 212
69 228 74 229
69 235 74 236
70 2 75 3
70 52 75 53
70 81 75 82
70 109 75 110
70 150 75 151
70 152 75 153
70 159 75 160
70 222 75 223
70 237 75 238
71 114 76 115
71 164 76 165
72 7 77 8
72 9 77 10
72 11 77 12
72 14 77 15
72 16 77 17
72 18 77 19
72 20 77 21
72 22 77 23
72 25 77 26
72 33 77 34
72 40 77 41
72 42 77 43
72 54 77 55
72 56 77 57
72 58 77 59
72 66 77 67
72 68 77 69
72 76 77 77
72 83 77 84
72 85 77 86
72 87 77 88
72 89 77 90
72 91 77 92
72 95 77 96
72 97 77 98
72 102 77 103
72 105 77 106
72 116 77 117
72 118 77 119
72 122 77 123
72 124 77 125
72 126 77 127
72 132 77 133
72 134 77 135
72 143 77 144
72 145 77 146
72 161 77 162
72 166 77 167
72 168 77 169
72 172 77 173
72 174 77 175
72 176 77 177
72 182 77 183
72 184 77 185
72 186 77 187
72 188 77 189
72 193 77 194
72 197 77 198
72 199 77 200
72 215 77 216
72 220 77 221
72 230 77 231
72 232 77 233
72 241 77 242
73 30 78 31
73 35 78 36
73 46 78 47
73 50 78 51
73 93 78 94
73 111 78 112
73 140 78 141
73 178 78 179
73 180 78 181
73 203 78 204
73 207 78 208
73 213 78 214
73 217 78 218
73 224 78 225
73 243 78 244
73 245 78 246
73 247 78 248
74 0 79 1
74 4 79 5
74 28 79 29
74 37 79 38
74 44 79 45
74 71 79 72
74 73 79 74
74 99 79 100
74 120 79 121
74 136 79 137
74 148 79 149
74 154 79 155
74 156 79 157
74 190 79 191
74 195 79 196
74 201 79 202
74 226 79 227
75 48 80 49
75 60 80 61
75 64 80 65
75 78 80 79
75 107 80 108
75 128 80 129
75 130 80 131
75 170 80 171
75 205 80 206
75 209 80 210
75 211 80 212
75 228 80 229
75 234 80 235
76 2 81 3
76 52 81 53
76 62 81 63
76 80 81 81
76 109 81 110
76 138 81 139
76 150 81 151
76 152 81 153
76 158 81 159
76 222 81 223
76 236 81 237
76 238 81 239
77 114 82 115
77 163 82 164
78 6 83 7
78 8 83 9
78 10 83 11
78 13 83 14
78 15 83 16
78 17 83 18
78 19 83 20
78 21 83 22
78 23 83 24
78 25 83 26
78 33 83 34
78 39 83 40
78 41 83 42
78 54 83 55
78 56 83 57
78 58 83 59
78 68 83 69
78 75 83 76
78 82 83 83
78 84 83 85
78 86 83 87
78 88 83 89
78 90 83 91
78 95 83 96
78 101 83 102
78 103 83 104
78 116 83 117
78 118 83 119
78 122 83 123
78 124 83 125
78 126 83 127
78 132 83 133
78 134 83 135
78 142 83 143
78 144 83 145
78 146 83 147
78 161 83 162
78 165 83 166
78 167 83 168
78 172 83 173
78 174 83 175
78 176 83 177
78 183 83 184
78 186 83 187
78 188 83 189
78 192 83 193
78 197 83 198
78 219 83 220
78 230 83 231
78 232 83 233
78 241 83 242
79 30 84 31
79 35 84 36
79 46 84 47
79 50 84 51
79 92 84 93
79 111 84 112
79 178 84 179
79 180 84 181
79 203 84 204
79 207 84 208
79 213 84 214
79 215 84 216
79 217 84 218
79 224 84 225
79 244 84 245
79 246 84 247
79 248 84 249
80 0 85 1
80 27 85 28
80 37 85 38
80 70 85 71
80 72 85 73
80 98 85 99
80 105 85 106
80 136 85 137
80 154 85 155
80 156 85 157
80 190 85 191
80 200 85 201
80 226 85 227
81 43 86 44
81 48 86 49
81 60 86 61
81 64 86 65
81 77 86 78
81 107 86 108
81 128 86 129
81 130 86 131
81 140 86 141
81 169 86 170
81 209 86 210
81 211 86 212
81 228 86 229
81 234 86 235
82 2 87 3
82 52 87 53
82 62 87 63
82 66 87 67
82 79 87 80
82 109 87 110
82 120 87 121
82 138 87 139
82 149 87 150
82 151 87 152
82 194 87 195
82 205 87 206
82 221 87 222
82 236 87 237
82 238 87 239
83 4 88 5
83 113 88 114
83 158 88 159
83 163 88 164
84 6 89 7
84 8 89 9
84 10 89 11
84 12 89 13
84 15 89 16
84 17 89 18
84 19 89 20
84 21 89 22
84 23 89 24
84 25 89 26
84 33 89 34
84 39 89 40
84 56 89 57
84 58 89 59
84 81 89 82
84 83 89 84
84 85 89 86
84 87 89 88
84 89 89 90
84 96 89 97
84 100 89 101
84 102 89 103
84 116 89 117
84 118 89 119
84 122 89 123
84 126 89 127
84 132 89 133
84 134 89 135
84 144 89 145
84 146 89 147
84 161 89 162
84 165 89 166
84 167 89 168
84 171 89 172
84 173 89 174
84 175 89 176
84 182 89 183
84 184 89 185
84 186 89 187
84 192 89 193
84 197 89 198
84 219 89 220
84 230 89 231
84 240 89 241
84 242 89 243
85 29 90 30
85 35 90 36
85 41 90 42
85 46 90 47
85 50 90 51
85 54 90 55
85 74 90 75
85 91 90 92
85 93 90 94
85 111 90 112
85 177 90 178
85 179 90 180
85 202 90 203
85 213 90 214
85 215 90 216
85 217 90 218
85 223 90 224
85 232 90 233
85 244 90 245
85 246 90 247
85 248 90 249
86 0 91 1
86 27 91 28
86 37 91 38
86 69 91 70
86 71 91 72
86 104 91 105
86 136 91 137
86 142 91 143
86 153 91 154
86 155 91 156
86 189 91 190
86 199 91 200
86 225 91 226
87 44 92 45
87 48 92 49
87 60 92 61
87 64 92 65
87 76 92 77
87 98 92 99
87 106 92 107
87 128 92 129
87 130 92 131
87 140 92 141
87 169 92 170
87 209 92 210
87 211 92 212
87 227 92 228
88 2 93 3
88 31 93 32
88 52 93 53
88 62 93 63
88 66 93 67
88 78 93 79
88 108 93 109
88 120 93 121
88 124 93 125
88 138 93 139
88 148 93 149
88 150 93 151
88 194 93 195
88 204 93 205
88 206 93 207
88 221 93 222
88 236 93 237
88 238 93 239
89 113 94 114
89 157 94 158
89 159 94 160
89 163 94 164
89 234 94 235
90 4 95 5
90 6 95 7
90 9 95 10
90 11 95 12
90 14 95 15
90 16 95 17
90 18 95 19
90 20 95 21
90 22 95 23
90 24 95 25
90 39 95 40
90 56 95 57
90 58 95 59
90 80 95 81
90 82 95 83
90 84 95 85
90 86 95 87
90 88 95 89
90 96 95 97
90 102 95 103
90 115 95 116
90 117 95 118
90 122 95 123
90 126 95 127
90 132 95 133
90 144 95 145
90 146 95 147
90 161 95 162
90 166 95 167
90 171 95 172
90 173 95 174
90 175 95 176
90 181 95 182
90 183 95 184
90 187 95 188
90 191 95 192
90 196 95 197
90 229 95 230
90 241 95 242
91 29 96 30
91 34 96 35
91 41 96 42
91 46 96 47
91 50 96 51
91 54 96 55
91 73 96 74
91 90 96 91
91 92 96 93
91 111 96 112
91 134 96 135
91 177 96 178
91 185 96 186
91 201 96 202
91 213 96 214
91 216 96 217
91 218 96 219
91 223 96 224
91 231 96 232
91 243 96 244
91 245 96 246
91 247 96 248
92 26 97 27
92 36 97 37
92 68 97 69
92 70 97 71
92 94 97 95
92 104 97 105
92 136 97 137
92 142 97 143
92 152 97 153
92 154 97 155
92 189 97 190
92 198 97 199
92 225 97 226
93 43 98 44
93 48 98 49
93 60 98 61
93 64 98 65
93 75 98 76
93 98 98 99
93 106 98 107
93 129 98 130
93 168 98 169
93 179 98 180
93 208 98 209
93 210 98 211
93 227 98 228
94 1 99 2
94 31 99 32
94 52 99 53
94 66 99 67
94 77 99 78
94 108 99 109
94 120 99 121
94 124 99 125
94 138 99 139
94 140 99 141
94 148 99 149
94 150 99 151
94 193 99 194
94 203 99 204
94 205 99 206
94 220 99 221
94 236 99 237
94 238 99 239
95 62 100 63
95 113 100 114
95 156 100 157
95 158 100 159
95 163 100 164
95 233 100 234
96 3 101 4
96 5 101 6
96 8 101 9
96 10 101 11
96 13 101 14
96 15 101 16
96 17 101 18
96 19 101 20
96 22 101 23
96 39 101 40
96 56 101 57
96 58 101 59
96 79 101 80
96 81 101 82
96 83 101 84
96 86 101 87
96 88 101 89
96 96 101 97
96 100 101 101
96 102 101 103
96 115 101 116
96 117 101 118
96 126 101 127
96 131 101 132
96 144 101 145
96 146 101 147
96 160 101 161
96 166 101 167
96 171 101 172
96 174 101 175
96 181 101 182
96 183 101 184
96 187 101 188
96 191 101 192
96 195 101 196
96 229 101 230
96 241 101 242
97 29 102 30
97 33 102 34
97 41 102 42
97 45 102 46
97 50 102 51
97 72 102 73
97 90 102 91
97 92 102 93
97 110 102 111
97 122 102 123
97 134 102 135
97 176 102 177
97 185 102 186
97 201 102 202
97 212 102 213
97 214 102 215
97 216 102 217
97 218 102 219
97 231 102 232
97 243 102 244
97 245 102 246
97 248 102 249
98 25 103 26
98 35 103 36
98 37 103 38
98 68 103 69
98 104 103 105
98 136 103 137
98 142 103 143
98 152 103 153
98 154 103 155
98 189 103 190
98 197 103 198
98 199 103 200
98 225 103 226
99 43 104 44
99 47 104 48
99 60 104 61
99 64 104 65
99 74 104 75
99 98 104 99
99 106 104 107
99 128 104 129
99 168 104 169
99 178 104 179
99 207 104 208
99 209 104 210
99 223 104 224
99 227 104 228
100 0 105 1
100 27 105 28
100 31 105 32
100 52 105 53
100 66 105 67
100 70 105 71
100 76 105 77
100 94 105 95
100 108 105 109
100 119 105 120
100 124 105 125
100 138 105 139
100 140 105 141
100 148 105 149
100 150 105 151
100 193 105 194
100 203 105 204
100 235 105 236
100 237 105 238
100 239 105 240
101 62 106 63
101 112 106 113
101 156 106 157
101 158 106 159
101 162 106 163
101 205 106 206
101 220 106 221
101 233 106 234
102 2 107 3
102 4 107 5
102 6 107 7
102 8 107 9
102 11 107 12
102 13 107 14
102 15 107 16
102 17 107 18
102 19 107 20
102 22 107 23
102 39 107 40
102 55 107 56
102 57 107 58
102 78 107 79
102 81 107 82
102 83 107 84
102 85 107 86
102 87 107 88
102 96 107 97
102 100 107 101
102 102 107 103
102 114 107 115
102 126 107 127
102 130 107 131
102 132 107 133
102 145 107 146
102 164 107 165
102 166 107 167
102 174 107 175
102 180 107 181
102 182 107 183
102 187 107 188
102 191 107 192
102 195 107 196
102 229 107 230
102 241 107 242
103 29 108 30
103 33 108 34
103 41 108 42
103 45 108 46
103 49 108 50
103 72 108 73
103 89 108 90
103 91 108 92
103 116 108 117
103 121 108 122
103 134 108 135
103 160 108 161
103 171 108 172
103 176 108 177
103 184 108 185
103 201 108 202
103 211 108 212
103 213 108 214
103 216 108 217
103 231 108 232
103 243 108 244
103 245 108 246
103 247 108 248
104 24 109 25
104 35 109 36
104 37 109 38
104 68 109 69
104 104 109 105
104 136 109 137
104 142 109 143
104 152 109 153
104 189 109 190
104 197 109 198
104 199 109 200
104 225 109 226
105 43 110 44
105 47 110 48
105 59 110 60
105 106 110 107
105 110 110 111
105 128 110 129
105 168 110 169
105 208 110 209
105 222 110 223
105 227 110 228
106 0 111 1
106 26 111 27
106 31 111 32
106 51 111 52
106 53 111 54
106 66 111 67
106 70 111 71
106 74 111 75
106 76 111 77
106 93 111 94
106 108 111 109
106 119 111 120
106 123 111 124
106 138 111 139
106 140 111 141
106 147 111 148
106 150 111 151
106 193 111 194
106 203 111 204
106 218 111 219
106 235 111 236
106 237 111 238
106 239 111 240
107 61 112 62
107 63 112 64
107 112 112 113
107 156 112 157
107 158 112 159
107 205 112 206
107 220 112 221
107 233 112 234
108 2 113 3
108 4 113 5
108 6 113 7
108 8 113 9
108 12 113 13
108 14 113 15
108 16 113 17
108 18 113 19
108 21 113 22
108 39 113 40
108 55 113 56
108 57 113 58
108 78 113 79
108 80 113 81
108 82 113 83
108 84 113 85
108 86 113 87
108 95 113 96
108 97 113 98
108 99 113 100
108 101 113 102
108 114 113 115
108 125 113 126
108 130 113 131
108 132 113 133
108 145 113 146
108 154 113 155
108 162 113 163
108 164 113 165
108 166 113 167
108 173 113 174
108 179 113 180
108 181 113 182
108 186 113 187
108 191 113 192
108 195 113 196
108 229 113 230
108 241 113 242
109 33 114 34
109 41 114 42
109 45 114 46
109 72 114 73
109 88 114 89
109 91 114 92
109 116 114 117
109 121 114 122
109 134 114 135
109 160 114 161
109 171 114 172
109 176 114 177
109 183 114 184
109 201 114 202
109 210 114 211
109 213 114 214
109 215 114 216
109 243 114 244
109 245 114 246
109 247 114 248
110 23 115 24
110 36 115 37
110 68 115 69
110 103 115 104
110 136 115 137
110 142 115 143
110 152 115 153
110 188 115 189
110 197 115 198
110 199 115 200
110 224 115 225
111 28 116 29
111 43 116 44
111 47 116 48
111 59 116 60
111 105 116 106
111 110 116 111
111 127 116 128
111 168 116 169
111 207 116 208
111 222 116 223
111 226 116 227
111 231 116 232
112 0 117 1
112 10 117 11
112 25 117 26
112 30 117 31
112 50 117 51
112 52 117 53
112 66 117 67
112 70 117 71
112 74 117 75
112 76 117 77
112 93 117 94
112 107 117 108
112 118 117 119
112 123 117 124
112 138 117 139
112 148 117 149
112 150 117 151
112 193 117 194
112 203 117 204
112 217 117 218
112 235 117 236
112 237 117 238
112 239 117 240
113 61 118 62
113 112 118 113
113 156 118 157
113 158 118 159
113 219 118 220
113 233 118 234
114 2 119 3
114 4 119 5
114 6 119 7
114 8 119 9
114 13 119 14
114 17 119 18
114 19 119 20
114 21 119 22
114 39 119 40
114 54 119 55
114 56 119 57
114 64 119 65
114 78 119 79
114 80 119 81
114 82 119 83
114 84 119 85
114 86 119 87
114 95 119 96
114 97 119 98
114 99 119 100
114 101 119 102
114 114 119 115
114 129 119 130
114 131 119 132
114 140 119 141
114 144 119 145
114 146 119 147
114 154 119 155
114 162 119 163
114 165 119 166
114 173 119 174
114 178 119 179
114 181 119 182
114 185 119 186
114 190 119 191
114 195 119 196
114 205 119 206
114 228 119 229
114 241 119 242
115 32 120 33
115 34 120 35
115 41 120 42
115 45 120 46
115 72 120 73
115 88 120 89
115 90 120 91
115 116 120 117
115 120 120 121
115 133 120 134
115 160 120 161
115 170 120 171
115 175 120 176
115 183 120 184
115 201 120 202
115 209 120 210
115 211 120 212
115 213 120 214
115 243 120 244
115 245 120 246
115 247 120 248
116 23 121 24
116 36 121 37
116 68 121 69
116 103 121 104
116 135 121 136
116 142 121 143
116 152 121 153
116 187 121 188
116 197 121 198
116 199 121 200
116 224 121 225
117 43 122 44
117 59 122 60
117 105 122 106
117 109 122 110
117 125 122 126
117 127 122 128
117 168 122 169
117 207 122 208
117 221 122 222
117 226 122 227
117 230 122 231
118 10 123 11
118 25 123 26
118 29 123 30
118 48 123 49
118 50 123 51
118 52 123 53
118 66 123 67
118 74 123 75
118 76 123 77
118 92 123 93
118 107 123 108
118 118 123 119
118 122 123 123
118 137 123 138
118 148 123 149
118 192 123 193
118 203 123 204
118 215 123 216
118 217 123 218
118 235 123 236
118 237 123 238
118 239 123 240
119 15 124 16
119 61 124 62
119 111 124 112
119 156 124 157
119 158 124 159
119 232 124 233
120 0 125 1
120 2 125 3
120 4 125 5
120 6 125 7
120 8 125 9
120 12 125 13
120 17 125 18
120 19 125 20
120 27 125 28
120 54 125 55
120 63 125 64
120 79 125 80
120 81 125 82
120 83 125 84
120 85 125 86
120 94 125 95
120 96 125 97
120 98 125 99
120 100 125 101
120 113 125 114
120 129 125 130
120 131 125 132
120 139 125 140
120 144 125 145
120 146 125 147
120 150 125 151
120 154 125 155
120 162 125 163
120 164 125 165
120 172 125 173
120 177 125 178
120 179 125 180
120 181 125 182
120 189 125 190
120 194 125 195
120 205 125 206
120 219 125 220
120 228 125 229
120 241 125 242
121 31 126 32
121 38 126 39
121 40 126 41
121 45 126 46
121 57 126 58
121 71 126 72
121 87 126 88
121 89 126 90
121 115 126 116
121 120 126 121
121 133 126 134
121 160 126 161
121 166 126 167
121 170 126 171
121 175 126 176
121 183 126 184
121 185 126 186
121 201 126 202
121 209 126 210
121 211 126 212
121 213 126 214
121 243 126 244
121 245 126 246
121 247 126 248
122 23 127 24
122 33 127 34
122 35 127 36
122 68 127 69
122 102 127 103
122 135 127 136
122 141 127 142
122 152 127 153
122 187 127 188
122 196 127 197
122 198 127 199
122 223 127 224
123 42 128 43
123 59 128 60
123 105 128 106
123 124 128 125
123 168 128 169
123 207 128 208
123 221 128 222
123 225 128 226
123 230 128 231
124 10 129 11
124 29 129 30
124 47 129 48
124 49 129 50
124 51 129 52
124 65 129 66
124 73 129 74
124 75 129 76
124 91 129 92
124 107 129 108
124 109 129 110
124 126 129 127
124 137 129 138
124 148 129 149
124 191 129 192
124 203 129 204
124 215 129 216
124 217 129 218
124 234 129 235
124 236 129 237
124 238 129 239
125 14 130 15
125 61 130 62
125 111 130 112
125 117 130 118
125 122 130 123
125 156 130 157
125 158 130 159
125 232 130 233
126 0 131 1
126 2 131 3
126 4 131 5
126 7 131 8
126 12 131 13
126 16 131 17
126 18 131 19
126 20 131 21
126 26 131 27
126 53 131 54
126 55 131 56
126 63 131 64
126 78 131 79
126 80 131 81
126 82 131 83
126 84 131 85
126 93 131 94
126 95 131 96
126 97 131 98
126 99 131 100
126 113 131 114
126 128 131 129
126 130 131 131
126 139 131 140
126 143 131 144
126 145 131 146
126 150 131 151
126 154 131 155
126 162 131 163
126 164 131 165
126 173 131 174
126 177 131 178
126 179 131 180
126 181 131 182
126 189 131 190
126 193 131 194
126 205 131 206
126 219 131 220
126 227 131 228
126 240 131 241
127 31 132 32
127 37 132 38
127 39 132 40
127 45 132 46
127 57 132 58
127 70 132 71
127 86 132 87
127 88 132 89
127 115 132 116
127 119 132 120
127 132 132 133
127 160 132 161
127 166 132 167
127 170 132 171
127 183 132 184
127 200 132 201
127 209 132 210
127 211 132 212
127 213 132 214
127 242 132 243
127 244 132 245
127 246 132 247
127 248 132 249
128 23 133 24
128 34 133 35
128 68 133 69
128 101 133 102
128 103 133 104
128 134 133 135
128 141 133 142
128 152 133 153
128 185 133 186
128 187 133 188
128 195 133 196
128 198 133 199
128 223 133 224
129 41 134 42
129 43 134 44
129 59 134 60
129 105 134 106
129 168 134 169
129 207 134 208
129 225 134 226
130 9 135 10
130 28 135 29
130 47 135 48
130 49 135 50
130 51 135 52
130 65 135 66
130 72 135 73
130 74 135 75
130 76 135 77
130 91 135 92
130 107 135 108
130 109 135 110
130 124 135 125
130 126 135 127
130 136 135 137
130 148 135 149
130 175 135 176
130 191 135 192
130 202 135 203
130 215 135 216
130 217 135 218
130 234 135 235
130 236 135 237
130 238 135 239
131 14 136 15
131 61 136 62
131 121 136 122
131 156 136 157
131 158 136 159
131 229 136 230
131 231 136 232
132 0 137 1
132 2 137 3
132 4 137 5
132 6 137 7
132 11 137 12
132 17 137 18
132 19 137 20
132 26 137 27
132 53 137 54
132 55 137 56
132 63 137 64
132 78 137 79
132 82 137 83
132 84 137 85
132 93 137 94
132 95 137 96
132 97 137 98
132 99 137 100
132 112 137 113
132 128 137 129
132 130 137 131
132 139 137 140
132 143 137 144
132 145 137 146
132 150 137 151
132 154 137 155
132 162 137 163
132 164 137 165
132 172 137 173
132 177 137 178
132 179 137 180
132 181 137 182
132 189 137 190
132 204 137 205
132 219 137 220
132 221 137 222
132 227 137 228
132 240 137 241
133 30 138 31
133 36 138 37
133 38 138 39
133 45 138 46
133 57 138 58
133 70 138 71
133 87 138 88
133 89 138 90
133 114 138 115
133 116 138 117
133 118 138 119
133 132 138 133
133 160 138 161
133 166 138 167
133 170 138 171
133 193 138 194
133 200 138 201
133 209 138 210
133 211 138 212
133 213 138 214
133 245 138 246
134 23 139 24
134 34 139 35
134 67 139 68
134 101 139 102
134 103 139 104
134 141 139 142
134 152 139 153
134 183 139 184
134 185 139 186
134 187 139 188
134 195 139 196
134 197 139 198
134 223 139 224
134 247 139 248
135 41 140 42
135 43 140 44
135 59 140 60
135 80 140 81
135 105 140 106
135 168 140 169
135 206 140 207
135 225 140 226
135 242 140 243
136 8 141 9
136 48 141 49
136 50 141 51
136 65 141 66
136 72 141 73
136 74 141 75
136 91 141 92
136 107 141 108
136 110 141 111
136 123 141 124
136 125 141 126
136 135 141 136
136 137 141 138
136 147 141 148
136 174 141 175
136 191 141 192
136 202 141 203
136 215 141 216
136 217 141 218
136 234 141 235
136 238 141 239
137 13 142 14
137 15 142 16
137 121 142 122
137 157 142 158
137 230 142 231
137 232 142 233
138 0 143 1
138 2 143 3
138 4 143 5
138 6 143 7
138 10 143 11
138 17 143 18
138 19 143 20
138 21 143 22
138 25 143 26
138 27 143 28
138 53 143 54
138 55 143 56
138 61 143 62
138 63 143 64
138 77 143 78
138 83 143 84
138 85 143 86
138 93 143 94
138 95 143 96
138 98 143 99
138 112 143 113
138 127 143 128
138 129 143 130
138 139 143 140
138 143 143 144
138 145 143 146
138 149 143 150
138 154 143 155
138 162 143 163
138 164 143 165
138 172 143 173
138 177 143 178
138 179 143 180
138 181 143 182
138 189 143 190
138 204 143 205
138 219 143 220
138 227 143 228
138 240 143 241
139 29 144 30
139 31 144 32
139 36 144 37
139 39 144 40
139 45 144 46
139 69 144 70
139 87 144 88
139 89 144 90
139 114 144 115
139 116 144 117
139 119 144 120
139 131 144 132
139 133 144 134
139 159 144 160
139 166 144 167
139 170 144 171
139 199 144 200
139 208 144 209
139 212 144 213
139 244 144 245
140 23 145 24
140 33 145 34
140 67 145 68
140 100 145 101
140 102 145 103
140 141 145 142
140 151 145 152
140 183 145 184
140 185 145 186
140 187 145 188
140 193 145 194
140 195 145 196
140 197 145 198
140 210 145 211
140 222 145 223
140 236 145 237
140 246 145 247
140 248 145 249
141 41 146 42
141 43 146 44
141 59 146 60
141 79 146 80
141 104 146 105
141 168 146 169
141 206 146 207
141 224 146 225
141 242 146 243
142 8 147 9
142 47 147 48
142 49 147 50
142 51 147 52
142 57 147 58
142 65 147 66
142 71 147 72
142 73 147 74
142 75 147 76
142 81 147 82
142 106 147 107
142 108 147 109
142 123 147 124
142 135 147 136
142 137 147 138
142 147 147 148
142 175 147 176
142 191 147 192
142 201 147 202
142 214 147 215
142 216 147 217
142 234 147 235
142 238 147 239
143 12 148 13
143 14 148 15
143 121 148 122
143 157 148 158
143 229 148 230
143 232 148 233
144 0 149 1
144 2 149 3
144 4 149 5
144 6 149 7
144 10 149 11
144 17 149 18
144 19 149 20
144 21 149 22
144 25 149 26
144 53 149 54
144 55 149 56
144 61 149 62
144 63 149 64
144 77 149 78
144 83 149 84
144 85 149 86
144 93 149 94
144 95 149 96
144 98 149 99
144 111 149 112
144 127 149 128
144 129 149 130
144 139 149 140
144 143 149 144
144 145 149 146
144 149 149 150
144 153 149 154
144 161 149 162
144 163 149 164
144 172 149 173
144 177 149 178
144 180 149 181
144 189 149 190
144 204 149 205
144 218 149 219
144 220 149 221
144 227 149 228
144 240 149 241
145 27 150 28
145 29 150 30
145 31 150 32
145 35 150 36
145 37 150 38
145 39 150 40
145 45 150 46
145 69 150 70
145 87 150 88
145 89 150 90
145 91 150 92
145 113 150 114
145 116 150 117
145 118 150 119
145 132 150 133
145 159 150 160
145 165 150 166
145 199 150 200
146 23 151 24
146 67 151 68
146 100 151 101
146 102 151 103
146 141 151 142
146 170 151 171
146 182 151 183
146 184 151 185
146 187 151 188
146 193 151 194
146 195 151 196
146 197 151 198
146 208 151 209
146 210 151 211
146 222 151 223
146 245 151 246
146 247 151 248
147 33 152 34
147 41 152 42
147 43 152 44
147 104 152 105
147 125 152 126
147 151 152 152
147 167 152 168
147 224 152 225
147 236 152 237
147 242 152 243
148 8 153 9
148 47 153 48
148 49 153 50
148 57 153 58
148 59 153 60
148 65 153 66
148 71 153 72
148 73 153 74
148 79 153 80
148 81 153 82
148 106 153 107
148 108 153 109
148 123 153 124
148 135 153 136
148 137 153 138
148 147 153 148
148 174 153 175
148 191 153 192
148 201 153 202
148 214 153 215
148 216 153 217
148 234 153 235
148 238 153 239
149 12 154 13
149 14 154 15
149 75 154 76
149 120 154 121
149 156 154 157
149 206 154 207
149 229 154 230
149 231 154 232
150 0 155 1
150 2 155 3
150 4 155 5
150 6 155 7
150 10 155 11
150 16 155 17
150 18 155 19
150 20 155 21
150 25 155 26
150 51 155 52
150 54 155 55
150 61 155 62
150 63 155 64
150 83 155 84
150 85 155 86
150 93 155 94
150 95 155 96
150 97 155 98
150 110 155 111
150 127 155 128
150 129 155 130
150 139 155 140
150 143 155 144
150 145 155 146
150 149 155 150
150 153 155 154
150 161 155 162
150 163 155 164
150 172 155 173
150 176 155 177
150 178 155 179
150 203 155 204
150 218 155 219
150 220 155 221
150 226 155 227
150 240 155 241
151 27 156 28
151 29 156 30
151 31 156 32
151 35 156 36
151 37 156 38
151 39 156 40
151 45 156 46
151 69 156 70
151 77 156 78
151 87 156 88
151 89 156 90
151 91 156 92
151 112 156 113
151 114 156 115
151 116 156 117
151 118 156 119
151 131 156 132
151 133 156 134
151 158 156 159
151 165 156 166
151 189 156 190
151 199 156 200
152 22 157 23
152 67 157 68
152 100 157 101
152 102 157 103
152 141 157 142
152 169 157 170
152 180 157 181
152 182 157 183
152 184 157 185
152 186 157 187
152 193 157 194
152 195 157 196
152 197 157 198
152 208 157 209
152 210 157 211
152 212 157 213
152 222 157 223
152 244 157 245
152 246 157 247
152 248 157 249
153 33 158 34
153 42 158 43
153 104 158 105
153 125 158 126
153 151 158 152
153 167 158 168
153 224 158 225
153 242 158 243
154 8 159 9
154 47 159 48
154 49 159 50
154 56 159 57
154 58 159 59
154 65 159 66
154 71 159 72
154 73 159 74
154 79 159 80
154 81 159 82
154 106 159 107
154 108 159 109
154 122 159 123
154 135 159 136
154 137 159 138
154 147 159 148
154 174 159 175
154 191 159 192
154 201 159 202
154 214 159 215
154 216 159 217
154 233 159 234
154 235 159 236
154 237 159 238
155 12 160 13
155 14 160 15
155 75 160 76
155 120 160 121
155 155 160 156
155 205 160 206
155 228 160 229
155 230 160 231
156 0 161 1
156 2 161 3
156 5 161 6
156 10 161 11
156 16 161 17
156 18 161 19
156 20 161 21
156 24 161 25
156 51 161 52
156 53 161 54
156 60 161 61
156 62 161 63
156 83 161 84
156 85 161 86
156 93 161 94
156 95 161 96
156 97 161 98
156 110 161 111
156 127 161 128
156 129 161 130
156 139 161 140
156 143 161 144
156 145 161 146
156 149 161 150
156 153 161 154
156 160 161 161
156 162 161 163
156 171 161 172
156 176 161 177
156 178 161 179
156 218 161 219
156 220 161 221
156 226 161 227
156 239 161 240
157 27 162 28
157 29 162 30
157 31 162 32
157 35 162 36
157 37 162 38
157 39 162 40
157 44 162 45
157 77 162 78
157 87 162 88
157 89 162 90
157 112 162 113
157 114 162 115
157 116 162 117
157 118 162 119
157 131 162 132
157 133 162 134
157 157 162 158
157 164 162 165
157 188 162 189
157 199 162 200
157 203 162 204
158 22 163 23
158 67 163 68
158 69 163 70
158 91 163 92
158 99 163 100
158 101 163 102
158 141 163 142
158 169 163 170
158 180 163 181
158 182 163 183
158 184 163 185
158 193 163 194
158 195 163 196
158 197 163 198
158 207 163 208
158 209 163 210
158 211 163 212
158 246 163 247
158 248 163 249
159 41 164 42
159 103 164 104
159 124 164 125
159 151 164 152
159 166 164 167
159 222 164 223
159 224 164 225
159 241 164 242
159 243 164 244
160 7 165 8
160 33 165 34
160 46 165 47
160 48 165 49
160 56 165 57
160 64 165 65
160 71 165 72
160 73 165 74
160 79 165 80
160 81 165 82
160 105 165 106
160 107 165 108
160 122 165 123
160 135 165 136
160 147 165 148
160 190 165 191
160 213 165 214
160 215 165 216
160 232 165 233
160 234 165 235
160 236 165 237
161 12 166 13
161 14 166 15
161 58 166 59
161 75 166 76
161 120 166 121
161 155 166 156
161 186 166 187
161 205 166 206
161 228 166 229
161 230 166 231
162 0 167 1
162 2 167 3
162 4 167 5
162 9 167 10
162 16 167 17
162 18 167 19
162 20 167 21
162 24 167 25
162 50 167 51
162 52 167 53
162 54 167 55
162 60 167 61
162 62 167 63
162 83 167 84
162 85 167 86
162 93 167 94
162 95 167 96
162 97 167 98
162 109 167 110
162 126 167 127
162 128 167 129
162 137 167 138
162 139 167 140
162 143 167 144
162 145 167 146
162 149 167 150
162 153 167 154
162 159 167 160
162 161 167 162
162 171 167 172
162 175 167 176
162 177 167 178
162 217 167 218
162 219 167 220
162 226 167 227
162 238 167 239
163 26 168 27
163 28 168 29
163 30 168 31
163 35 168 36
163 37 168 38
163 39 168 40
163 44 168 45
163 77 168 78
163 87 168 88
163 111 168 112
163 113 168 114
163 116 168 117
163 118 168 119
163 130 168 131
163 132 168 133
163 157 168 158
163 163 168 164
163 173 168 174
163 188 168 189
163 199 168 200
163 201 168 202
163 203 168 204
164 66 169 67
164 69 169 70
164 89 169 90
164 99 169 100
164 101 169 102
164 168 169 169
164 180 169 181
164 182 169 183
164 184 169 185
164 192 169 193
164 194 169 195
164 196 169 197
164 207 169 208
164 209 169 210
164 211 169 212
164 245 169 246
164 247 169 248
165 41 170 42
165 91 170 92
165 103 170 104
165 151 170 152
165 165 170 166
165 221 170 222
165 223 170 224
165 241 170 242
165 243 170 244
166 7 171 8
166 33 171 34
166 46 171 47
166 56 171 57
166 64 171 65
166 72 171 73
166 79 171 80
166 81 171 82
166 105 171 106
166 107 171 108
166 122 171 123
166 134 171 135
166 147 171 148
166 190 171 191
166 213 171 214
166 215 171 216
166 232 171 233
166 235 171 236
167 11 172 12
167 14 172 15
167 48 172 49
167 58 172 59
167 74 172 75
167 120 172 121
167 141 172 142
167 155 172 156
167 186 172 187
167 205 172 206
167 228 172 229
167 230 172 231
168 0 173 1
168 2 173 3
168 4 173 5
168 9 173 10
168 16 173 17
168 18 173 19
168 21 173 22
168 23 173 24
168 50 173 51
168 52 173 53
168 54 173 55
168 60 173 61
168 62 173 63
168 83 173 84
168 85 173 86
168 93 173 94
168 95 173 96
168 97 173 98
168 125 173 126
168 127 173 128
168 136 173 137
168 138 173 139
168 143 173 144
168 145 173 146
168 149 173 150
168 153 173 154
168 159 173 160
168 161 173 162
168 170 173 171
168 175 173 176
168 177 173 178
168 217 173 218
168 219 173 220
168 225 173 226
168 237 173 238
168 239 173 240
169 26 174 27
169 28 174 29
169 30 174 31
169 35 174 36
169 37 174 38
169 39 174 40
169 43 174 44
169 76 174 77
169 87 174 88
169 111 174 112
169 113 174 114
169 115 174 116
169 117 174 118
169 129 174 130
169 131 174 132
169 157 174 158
169 163 174 164
169 172 174 173
169 188 174 189
169 198 174 199
169 200 174 201
169 203 174 204
170 66 175 67
170 68 175 69
170 70 175 71
170 89 175 90
170 99 175 100
170 101 175 102
170 167 175 168
170 179 175 180
170 181 175 182
170 183 175 184
170 193 175 194
170 195 175 196
170 207 175 208
170 209 175 210
170 245 175 246
170 248 175 249
171 41 176 42
171 91 176 92
171 103 176 104
171 109 176 110
171 151 176 152
171 165 176 166
171 221 176 222
171 223 176 224
171 241 176 242
171 243 176 244
172 6 177 7
172 45 177 46
172 56 177 57
172 64 177 65
172 72 177 73
172 80 177 81
172 107 177 108
172 122 177 123
172 133 177 134
172 147 177 148
172 190 177 191
172 212 177 213
172 214 177 215
172 232 177 233
172 234 177 235
173 11 178 12
173 13 178 14
173 32 178 33
173 47 178 48
173 58 178 59
173 74 178 75
173 119 178 120
173 141 178 142
173 155 178 156
173 186 178 187
173 205 178 206
173 229 178 230
174 0 179 1
174 2 179 3
174 4 179 5
174 8 179 9
174 15 179 16
174 17 179 18
174 19 179 20
174 21 179 22
174 23 179 24
174 50 179 51
174 52 179 53
174 60 179 61
174 62 179 63
174 78 179 79
174 82 179 83
174 84 179 85
174 93 179 94
174 95 179 96
174 97 179 98
174 124 179 125
174 126 179 127
174 135 179 136
174 138 179 139
174 143 179 144
174 145 179 146
174 149 179 150
174 159 179 160
174 170 179 171
174 174 179 175
174 176 179 177
174 216 179 217
174 218 179 219
174 226 179 227
174 236 179 237
174 238 179 239
175 25 180 26
175 27 180 28
175 29 180 30
175 34 180 35
175 36 180 37
175 38 180 39
175 43 180 44
175 54 180 55
175 76 180 77
175 112 180 113
175 114 180 115
175 116 180 117
175 128 180 129
175 130 180 131
175 157 180 158
175 161 180 162
175 163 180 164
175 172 180 173
175 197 180 198
175 199 180 200
175 203 180 204
176 67 181 68
176 69 181 70
176 87 181 88
176 89 181 90
176 99 181 100
176 101 181 102
176 105 181 106
176 167 181 168
176 178 181 179
176 180 181 181
176 182 181 183
176 184 181 185
176 192 181 193
176 194 181 195
176 207 181 208
176 209 181 210
176 245 181 246
176 247 181 248
177 40 182 41
177 91 182 92
177 103 182 104
177 151 182 152
177 165 182 166
177 188 182 189
177 220 182 221
177 223 182 224
177 240 182 241
177 242 182 243
178 6 183 7
178 56 183 57
178 64 183 65
178 71 183 72
178 80 183 81
178 107 183 108
178 121 183 122
178 133 183 134
178 147 183 148
178 153 183 154
178 190 183 191
178 201 183 202
178 212 183 213
178 214 183 215
178 231 183 232
178 233 183 234
179 10 184 11
179 12 184 13
179 31 184 32
179 45 184 46
179 47 184 48
179 58 184 59
179 73 184 74
179 109 184 110
179 118 184 119
179 140 184 141
179 186 184 187
179 205 184 206
179 228 184 229
180 0 185 1
180 2 185 3
180 4 185 5
180 8 185 9
180 14 185 15
180 16 185 17
180 18 185 19
180 20 185 21
180 22 185 23
180 49 185 50
180 52 185 53
180 60 185 61
180 62 185 63
180 78 185 79
180 82 185 83
180 84 185 85
180 93 185 94
180 96 185 97
180 123 185 124
180 125 185 126
180 136 185 137
180 142 185 143
180 144 185 145
180 149 185 150
180 159 185 160
180 170 185 171
180 176 185 177
180 218 185 219
180 225 185 226
180 235 185 236
180 237 185 238
181 25 186 26
181 27 186 28
181 29 186 30
181 33 186 34
181 35 186 36
181 37 186 38
181 42 186 43
181 54 186 55
181 75 186 76
181 111 186 112
181 113 186 114
181 115 186 116
181 127 186 128
181 129 186 130
181 131 186 132
181 138 186 139
181 156 186 157
181 161 186 162
181 163 186 164
181 172 186 173
181 196 186 197
181 198 186 199
181 203 186 204
181 216 186 217
182 66 187 67
182 86 187 87
182 88 187 89
182 98 187 99
182 100 187 101
182 105 187 106
182 167 187 168
182 178 187 179
182 180 187 181
182 182 187 183
182 192 187 193
182 194 187 195
182 207 187 208
182 209 187 210
182 244 187 245
182 246 187 247
182 248 187 249
183 39 188 40
183 90 188 91
183 102 188 103
183 151 188 152
183 174 188 175
183 184 188 185
183 188 188 189
183 220 188 221
183 239 188 240
183 241 188 242
184 6 189 7
184 56 189 57
184 69 189 70
184 71 189 72
184 80 189 81
184 120 189 121
184 133 189 134
184 146 189 147
184 153 189 154
184 165 189 166
184 190 189 191
184 200 189 201
184 211 189 212
184 213 189 214
184 222 189 223
184 231 189 232
184 233 189 234
185 10 190 11
185 12 190 13
185 31 190 32
185 44 190 45
185 46 190 47
185 58 190 59
185 73 190 74
185 107 190 108
185 109 190 110
185 117 190 118
185 140 190 141
185 186 190 187
185 205 190 206
185 228 190 229
186 0 191 1
186 2 191 3
186 4 191 5
186 8 191 9
186 14 191 15
186 16 191 17
186 19 191 20
186 21 191 22
186 23 191 24
186 48 191 49
186 50 191 51
186 52 191 53
186 60 191 61
186 62 191 63
186 64 191 65
186 77 191 78
186 82 191 83
186 84 191 85
186 92 191 93
186 94 191 95
186 96 191 97
186 122 191 123
186 124 191 125
186 136 191 137
186 142 191 143
186 144 191 145
186 148 191 149
186 158 191 159
186 169 191 170
186 176 191 177
186 218 191 219
186 226 191 227
186 237 191 238
187 25 192 26
187 27 192 28
187 29 192 30
187 33 192 34
187 37 192 38
187 41 192 42
187 54 192 55
187 75 192 76
187 111 192 112
187 114 192 115
187 126 192 127
187 128 192 129
187 130 192 131
187 138 192 139
187 155 192 156
187 160 192 161
187 162 192 163
187 196 192 197
187 198 192 199
187 202 192 203
187 215 192 216
188 66 193 67
188 86 193 87
188 88 193 89
188 98 193 99
188 100 193 101
188 105 193 106
188 167 193 168
188 172 193 173
188 179 193 180
188 181 193 182
188 192 193 193
188 194 193 195
188 207 193 208
188 209 193 210
188 224 193 225
188 243 193 244
188 245 193 246
188 247 193 248
189 35 194 36
189 39 194 40
189 90 194 91
189 102 194 103
189 150 194 151
189 174 194 175
189 183 194 184
189 188 194 189
189 220 194 221
189 235 194 236
189 239 194 240
189 241 194 242
190 6 195 7
190 56 195 57
190 68 195 69
190 70 195 71
190 80 195 81
190 119 195 120
190 132 195 133
190 146 195 147
190 152 195 153
190 164 195 165
190 211 195 212
190 213 195 214
190 222 195 223
190 230 195 231
190 232 195 233
191 10 196 11
191 12 196 13
191 31 196 32
191 43 196 44
191 45 196 46
191 58 196 59
191 72 196 73
191 108 196 109
191 116 196 117
191 134 196 135
191 140 196 141
191 185 196 186
191 190 196 191
191 200 196 201
191 204 196 205
191 228 196 229
192 0 197 1
192 3 197 4
192 8 197 9
192 16 197 17
192 18 197 19
192 21 197 22
192 23 197 24
192 47 197 48
192 49 197 50
192 51 197 52
192 60 197 61
192 62 197 63
192 64 197 65
192 77 197 78
192 82 197 83
192 92 197 93
192 94 197 95
192 96 197 97
192 121 197 122
192 124 197 125
192 136 197 137
192 142 197 143
192 144 197 145
192 148 197 149
192 157 197 158
192 169 197 170
192 176 197 177
192 217 197 218
192 226 197 227
193 14 198 15
193 25 198 26
193 27 198 28
193 29 198 30
193 33 198 34
193 37 198 38
193 53 198 54
193 74 198 75
193 110 198 111
193 112 198 113
193 114 198 115
193 127 198 128
193 129 198 130
193 138 198 139
193 160 198 161
193 196 198 197
193 198 198 199
193 202 198 203
193 215 198 216
193 237 198 238
194 41 199 42
194 66 199 67
194 84 199 85
194 86 199 87
194 100 199 101
194 104 199 105
194 106 199 107
194 154 199 155
194 167 199 168
194 171 199 172
194 178 199 179
194 180 199 181
194 192 199 193
194 194 199 195
194 206 199 207
194 208 199 209
194 224 199 225
194 243 199 244
194 245 199 246
194 247 199 248
195 39 199 40
195 89 199 90
195 102 199 103
195 173 199 174
195 182 199 183
195 188 199 189
195 219 199 220
195 239 199 240
195 241 199 242
196 68 199 69
196 118 199 119
196 131 199 132
196 152 199 153
196 164 199 165
196 212 199 213
196 232 199 233
