500
0 2289 9670 4294 6022 6740 1070 798 3989 6353 2017 323 6160 8387 7949 8994
1 2289 9670 4294 6022 6740 1070 798 3989 6353 2017 323 6160 8387 7949 8994
2 2289 9670 4294 6022 6740 1070 798 3989 6353 2017 323 6160 8387 7949 8994
3 2289 9670 4294 6022 6740 1070 798 3989 6353 2017 323 6160 8387 7949 8994
4 2289 9670 4294 6022 6740 1070 798 3989 6353 2017 323 6160 8387 7949 8994
5 2289 9670 4294 6022 6740 1070 798 3989 6353 2017 323 6160 8387 7949 8994
6 2289 9670 4294 6022 6740 1070 798 3989 6353 2017 323 6160 8387 7949 8994
7 2289 9670 4294 6022 6740 1070 798 3989 6353 2017 323 6160 8387 7949 8994
8 2289 9670 4294 6022 6740 1070 798 3989 6353 2017 323 6160 8387 7949 8994
9 2289 9670 4294 6022 6740 1070 798 3989 6353 2017 323 6160 8387 7949 8994
10 2289 9670 4294 6022 6740 1070 798 3989 6353 2017 323 6160 8387 7949 8994
11 2289 9670 4294 6022 6740 1070 798 3989 6353 2017 323 6160 8387 7949 8994
12 2289 9670 4294 6022 6740 1070 798 3989 6353 2017 323 6160 8387 7949 8994
13 2289 9670 4294 6022 6740 1070 798 3989 6353 2017 323 6160 8387 7949 8994
14 2289 9670 4294 6022 6740 1070 798 3989 6353 2017 323 6160 8387 7949 8994
15 2289 9670 4294 6022 6740 1070 798 3989 6353 2017 323 6160 8387 7949 8994
16 2289 9670 4294 6022 6740 1070 798 3989 6353 2017 323 6160 8387 7949 8994
17 2289 9670 4294 6022 6740 1070 798 3989 6353 2017 323 6160 8387 7949 8994
18 2289 9670 4294 6022 6740 1070 798 3989 6353 2017 323 6160 8387 7949 8994
19 2289 9670 4294 6022 6740 1070 798 3989 6353 2017 323 6160 8387 7949 8994
20 2289 9670 4294 6022 6740 1070 798 3989 6353 2017 323 6160 8387 7949 8994
21 2289 9670 4294 6022 6740 1070 798 3989 6353 2017 323 6160 8387 7949 8994
22 2289 9670 4294 6022 6740 1070 798 3989 6353 2017 323 6160 8387 7949 8994
23 2289 9670 4294 6022 6740 1070 798 3989 6353 2017 323 6160 8387 7949 8994
24 2289 9670 4294 6022 6740 1070 798 3989 6353 2017 323 6160 8387 7949 8994
25 2289 9670 4294 6022 6740 1070 798 3989 6353 2017 323 6160 8387 7949 8994
26 2289 9670 4294 6022 6740 1070 798 3989 6353 2017 323 6160 8387 7949 8994
27 2289 9670 4294 6022 6740 1070 798 3989 6353 2017 323 6160 8387 7949 8994
28 2289 9670 4294 6022 6740 1070 798 3989 6353 2017 323 6160 8387 7949 8994
29 2289 9670 4294 6022 6740 1070 798 3989 6353 2017 323 6160 8387 7949 8994
30 2289 9670 4294 6022 6740 1070 798 3989 6353 2017 323 6160 8387 7949 8994
31 2289 9670 4294 6022 6740 1070 798 3989 6353 2017 323 6160 8387 7949 8994
32 2289 9670 4294 6022 6740 1070 798 3989 6353 2017 323 6160 8387 7949 8994
33 2289 9670 4294 6022 6740 1070 798 3989 6353 2017 323 6160 8387 7949 8994
34 2289 9670 4294 6022 6740 1070 798 3989 6353 2017 323 6160 8387 7949 8994
35 2289 9670 4294 6022 6740 1070 798 3989 6353 2017 323 6160 8387 7949 8994
36 2289 9670 4294 6022 6740 1070 798 3989 6353 2017 323 6160 8387 7949 8994
37 2289 9670 4294 6022 6740 1070 798 3989 6353 2017 323 6160 8387 7949 8994
38 2289 9670 4294 6022 6740 1070 798 3989 6353 2017 323 6160 8387 7949 8994
39 2289 9670 4294 6022 6740 1070 798 3989 6353 2017 323 6160 8387 7949 8994
40 2289 9670 4294 6022 6740 1070 798 3989 6353 2017 323 6160 8387 7949 8994
41 2289 9670 4294 6022 6740 1070 798 3989 6353 2017 323 6160 8387 7949 8994
42 2289 9670 4294 6022 6740 1070 798 3989 6353 2017 323 6160 8387 7949 8994
43 2289 9670 4294 6022 6740 1070 798 3989 6353 2017 323 6160 8387 7949 8994
44 2289 9670 4294 6022 6740 1070 798 3989 6353 2017 323 6160 8387 7949 8994
45 2289 9670 4294 6022 6740 1070 798 3989 6353 2017 323 6160 8387 7949 8994
46 2289 9670 4294 6022 6740 1070 798 3989 6353 2017 323 6160 8387 7949 8994
47 2289 9670 4294 6022 6740 1070 798 3989 6353 2017 323 6160 8387 7949 8994
48 2289 9670 4294 6022 6740 1070 798 3989 6353 2017 323 6160 8387 7949 8994
49 2289 9670 4294 6022 6740 1070 798 3989 6353 2017 323 6160 8387 7949 8994
50 2289 9670 4294 6022 6740 1070 798 3989 6353 2017 323 6160 8387 7949 8994
51 2289 9670 4294 6022 6740 1070 798 3989 6353 2017 323 6160 8387 7949 8994
52 2289 9670 4294 6022 6740 1070 798 3989 6353 2017 323 6160 8387 7949 8994
53 2289 9670 4294 6022 6740 1070 798 3989 6353 2017 323 6160 8387 7949 8994
54 2289 9670 4294 6022 6740 1070 798 3989 6353 2017 323 6160 8387 7949 8994
55 2289 9670 4294 6022 6740 1070 798 3989 6353 2017 323 6160 8387 7949 8994
56 2289 9670 4294 6022 6740 1070 798 3989 6353 2017 323 6160 8387 7949 8994
57 2289 9670 4294 6022 6740 1070 798 3989 6353 2017 323 6160 8387 7949 8994
58 2289 9670 4294 6022 6740 1070 798 3989 6353 2017 323 6160 8387 7949 8994
59 2289 9670 4294 6022 6740 1070 798 3989 6353 2017 323 6160 8387 7949 8994
60 2289 9670 4294 6022 6740 1070 798 3989 6353 2017 323 6160 8387 7949 8994
61 2289 9670 4294 6022 6740 1070 798 3989 6353 2017 323 6160 8387 7949 8994
62 2289 9670 4294 6022 6740 1070 798 3989 6353 2017 323 6160 8387 7949 8994
63 2289 9670 4294 6022 6740 1070 798 3989 6353 2017 323 6160 8387 7949 8994
64 2289 9670 4294 6022 6740 1070 798 3989 6353 2017 323 6160 8387 7949 8994
65 2289 9670 4294 6022 6740 1070 798 3989 6353 2017 323 6160 8387 7949 8994
66 2289 9670 4294 6022 6740 1070 798 3989 6353 2017 323 6160 8387 7949 8994
67 2289 9670 4294 6022 6740 1070 798 3989 6353 2017 323 6160 8387 7949 8994
68 2289 9670 4294 6022 6740 1070 798 3989 6353 2017 323 6160 8387 7949 8994
69 2289 9670 4294 6022 6740 1070 798 3989 6353 2017 323 6160 8387 7949 8994
70 2289 9670 4294 6022 6740 1070 798 3989 6353 2017 323 6160 8387 7949 8994
71 2289 9670 4294 6022 6740 1070 798 3989 6353 2017 323 6160 8387 7949 8994
72 2289 9670 4294 6022 6740 1070 798 3989 6353 2017 323 6160 8387 7949 8994
73 2289 9670 4294 6022 6740 1070 798 3989 6353 2017 323 6160 8387 7949 8994
74 2289 9670 4294 6022 6740 1070 798 3989 6353 2017 323 6160 8387 7949 8994
75 2289 9670 4294 6022 6740 1070 798 3989 6353 2017 323 6160 8387 7949 8994
76 2289 9670 4294 6022 6740 1070 798 3989 6353 2017 323 6160 8387 7949 8994
77 2289 9670 4294 6022 6740 1070 798 3989 6353 2017 323 6160 8387 7949 8994
78 2289 9670 4294 6022 6740 1070 798 3989 6353 2017 323 6160 8387 7949 8994
79 2289 9670 4294 6022 6740 1070 798 3989 6353 2017 323 6160 8387 7949 8994
80 2289 9670 4294 6022 6740 1070 798 3989 6353 2017 323 6160 8387 7949 8994
81 2289 9670 4294 6022 6740 1070 798 3989 6353 2017 323 6160 8387 7949 8994
82 2289 9670 4294 6022 6740 1070 798 3989 6353 2017 323 6160 8387 7949 8994
83 2289 9670 4294 6022 6740 1070 798 3989 6353 2017 323 6160 8387 7949 8994
84 2289 9670 4294 6022 6740 1070 798 3989 6353 2017 323 6160 8387 7949 8994
85 2289 9670 4294 6022 6740 1070 798 3989 6353 2017 323 6160 8387 7949 8994
86 2289 9670 4294 6022 6740 1070 798 3989 6353 2017 323 6160 8387 7949 8994
87 2289 9670 4294 6022 6740 1070 798 3989 6353 2017 323 6160 8387 7949 8994
88 2289 9670 4294 6022 6740 1070 798 3989 6353 2017 323 6160 8387 7949 8994
89 2289 9670 4294 6022 6740 1070 798 3989 6353 2017 323 6160 8387 7949 8994
90 2289 9670 4294 6022 6740 1070 798 3989 6353 2017 323 6160 8387 7949 8994
91 2289 9670 4294 6022 6740 1070 798 3989 6353 2017 323 6160 8387 7949 8994
92 2289 9670 4294 6022 6740 1070 798 3989 6353 2017 323 6160 8387 7949 8994
93 2289 9670 4294 6022 6740 1070 798 3989 6353 2017 323 6160 8387 7949 8994
94 2289 9670 4294 6022 6740 1070 798 3989 6353 2017 323 6160 8387 7949 8994
95 2289 9670 4294 6022 6740 1070 798 3989 6353 2017 323 6160 8387 7949 8994
96 2289 9670 4294 6022 6740 1070 798 3989 6353 2017 323 6160 8387 7949 8994
97 2289 9670 4294 6022 6740 1070 798 3989 6353 2017 323 6160 8387 7949 8994
98 2289 9670 4294 6022 6740 1070 798 3989 6353 2017 323 6160 8387 7949 8994
99 2289 9670 4294 6022 6740 1070 798 3989 6353 2017 323 6160 8387 7949 8994
100 2289 9670 4294 6022 6740 1070 798 3989 6353 2017 323 6160 8387 7949 8994
101 2289 9670 4294 6022 6740 1070 798 3989 6353 2017 323 6160 8387 7949 8994
102 2289 9670 4294 6022 6740 1070 798 3989 6353 2017 323 6160 8387 7949 8994
103 2289 9670 4294 6022 6740 1070 798 3989 6353 2017 323 6160 8387 7949 8994
104 2289 9670 4294 6022 6740 1070 798 3989 6353 2017 323 6160 8387 7949 8994
105 2289 9670 4294 6022 6740 1070 798 3989 6353 2017 323 6160 8387 7949 8994
106 2289 9670 4294 6022 6740 1070 798 3989 6353 2017 323 6160 8387 7949 8994
107 2289 9670 4294 6022 6740 1070 798 3989 6353 2017 323 6160 8387 7949 8994
108 2289 9670 4294 6022 6740 1070 798 3989 6353 2017 323 6160 8387 7949 8994
109 2289 9670 4294 6022 6740 1070 798 3989 6353 2017 323 6160 8387 7949 8994
110 2289 9670 4294 6022 6740 1070 798 3989 6353 2017 323 6160 8387 7949 8994
111 2289 9670 4294 6022 6740 1070 798 3989 6353 2017 323 6160 8387 7949 8994
112 2289 9670 4294 6022 6740 1070 798 3989 6353 2017 323 6160 8387 7949 8994
113 2289 9670 4294 6022 6740 1070 798 3989 6353 2017 323 6160 8387 7949 8994
114 2289 9670 4294 6022 6740 1070 798 3989 6353 2017 323 6160 8387 7949 8994
115 2289 9670 4294 6022 6740 1070 798 3989 6353 2017 323 6160 8387 7949 8994
116 2289 9670 4294 6022 6740 1070 798 3989 6353 2017 323 6160 8387 7949 8994
117 2289 9670 4294 6022 6740 1070 798 3989 6353 2017 323 6160 8387 7949 8994
118 2289 9670 4294 6022 6740 1070 798 3989 6353 2017 323 6160 8387 7949 8994
119 2289 9670 4294 6022 6740 1070 798 3989 6353 2017 323 6160 8387 7949 8994
120 2289 9670 4294 6022 6740 1070 798 3989 6353 2017 323 6160 8387 7949 8994
121 2289 9670 4294 6022 6740 1070 798 3989 6353 2017 323 6160 8387 7949 8994
122 2289 9670 4294 6022 6740 1070 798 3989 6353 2017 323 6160 8387 7949 8994
123 2289 9670 4294 6022 6740 1070 798 3989 6353 2017 323 6160 8387 7949 8994
124 2289 9670 4294 6022 6740 1070 798 3989 6353 2017 323 6160 8387 7949 8994
125 2289 9670 4294 6022 6740 1070 798 3989 6353 2017 323 6160 8387 7949 8994
126 2289 9670 4294 6022 6740 1070 798 3989 6353 2017 323 6160 8387 7949 8994
127 2289 9670 4294 6022 6740 1070 798 3989 6353 2017 323 6160 8387 7949 8994
128 2289 9670 4294 6022 6740 1070 798 3989 6353 2017 323 6160 8387 7949 8994
129 2289 9670 4294 6022 6740 1070 798 3989 6353 2017 323 6160 8387 7949 8994
130 2289 9670 4294 6022 6740 1070 798 3989 6353 2017 323 6160 8387 7949 8994
131 2289 9670 4294 6022 6740 1070 798 3989 6353 2017 323 6160 8387 7949 8994
132 2289 9670 4294 6022 6740 1070 798 3989 6353 2017 323 6160 8387 7949 8994
133 2289 9670 4294 6022 6740 1070 798 3989 6353 2017 323 6160 8387 7949 8994
134 2289 9670 4294 6022 6740 1070 798 3989 6353 2017 323 6160 8387 7949 8994
135 2289 9670 4294 6022 6740 1070 798 3989 6353 2017 323 6160 8387 7949 8994
136 2289 9670 4294 6022 6740 1070 798 3989 6353 2017 323 6160 8387 7949 8994
137 2289 9670 4294 6022 6740 1070 798 3989 6353 2017 323 6160 8387 7949 8994
138 2289 9670 4294 6022 6740 1070 798 3989 6353 2017 323 6160 8387 7949 8994
139 2289 9670 4294 6022 6740 1070 798 3989 6353 2017 323 6160 8387 7949 8994
140 2289 9670 4294 6022 6740 1070 798 3989 6353 2017 323 6160 8387 7949 8994
141 2289 9670 4294 6022 6740 1070 798 3989 6353 2017 323 6160 8387 7949 8994
142 2289 9670 4294 6022 6740 1070 798 3989 6353 2017 323 6160 8387 7949 8994
143 2289 9670 4294 6022 6740 1070 798 3989 6353 2017 323 6160 8387 7949 8994
144 2289 9670 4294 6022 6740 1070 798 3989 6353 2017 323 6160 8387 7949 8994
145 2289 9670 4294 6022 6740 1070 798 3989 6353 2017 323 6160 8387 7949 8994
146 2289 9670 4294 6022 6740 1070 798 3989 6353 2017 323 6160 8387 7949 8994
147 2289 9670 4294 6022 6740 1070 798 3989 6353 2017 323 6160 8387 7949 8994
148 2289 9670 4294 6022 6740 1070 798 3989 6353 2017 323 6160 8387 7949 8994
149 2289 9670 4294 6022 6740 1070 798 3989 6353 2017 323 6160 8387 7949 8994
150 2289 9670 4294 6022 6740 1070 798 3989 6353 2017 323 6160 8387 7949 8994
151 2289 9670 4294 6022 6740 1070 798 3989 6353 2017 323 6160 8387 7949 8994
152 2289 9670 4294 6022 6740 1070 798 3989 6353 2017 323 6160 8387 7949 8994
153 2289 9670 4294 6022 6740 1070 798 3989 6353 2017 323 6160 8387 7949 8994
154 2289 9670 4294 6022 6740 1070 798 3989 6353 2017 323 6160 8387 7949 8994
155 2289 9670 4294 6022 6740 1070 798 3989 6353 2017 323 6160 8387 7949 8994
156 2289 9670 4294 6022 6740 1070 798 3989 6353 2017 323 6160 8387 7949 8994
157 2289 9670 4294 6022 6740 1070 798 3989 6353 2017 323 6160 8387 7949 8994
158 2289 9670 4294 6022 6740 1070 798 3989 6353 2017 323 6160 8387 7949 8994
159 2289 9670 4294 6022 6740 1070 798 3989 6353 2017 323 6160 8387 7949 8994
160 2289 9670 4294 6022 6740 1070 798 3989 6353 2017 323 6160 8387 7949 8994
161 2289 9670 4294 6022 6740 1070 798 3989 6353 2017 323 6160 8387 7949 8994
162 2289 9670 4294 6022 6740 1070 798 3989 6353 2017 323 6160 8387 7949 8994
163 2289 9670 4294 6022 6740 1070 798 3989 6353 2017 323 6160 8387 7949 8994
164 2289 9670 4294 6022 6740 1070 798 3989 6353 2017 323 6160 8387 7949 8994
165 2289 9670 4294 6022 6740 1070 798 3989 6353 2017 323 6160 8387 7949 8994
166 2289 9670 4294 6022 6740 1070 798 3989 6353 2017 323 6160 8387 7949 8994
167 2289 9670 4294 6022 6740 1070 798 3989 6353 2017 323 6160 8387 7949 8994
168 2289 9670 4294 6022 6740 1070 798 3989 6353 2017 323 6160 8387 7949 8994
169 2289 9670 4294 6022 6740 1070 798 3989 6353 2017 323 6160 8387 7949 8994
170 2289 9670 4294 6022 6740 1070 798 3989 6353 2017 323 6160 8387 7949 8994
171 2289 9670 4294 6022 6740 1070 798 3989 6353 2017 323 6160 8387 7949 8994
172 2289 9670 4294 6022 6740 1070 798 3989 6353 2017 323 6160 8387 7949 8994
173 2289 9670 4294 6022 6740 1070 798 3989 6353 2017 323 6160 8387 7949 8994
174 2289 9670 4294 6022 6740 1070 798 3989 6353 2017 323 6160 8387 7949 8994
175 2289 9670 4294 6022 6740 1070 798 3989 6353 2017 323 6160 8387 7949 8994
176 2289 9670 4294 6022 6740 1070 798 3989 6353 2017 323 6160 8387 7949 8994
177 2289 9670 4294 6022 6740 1070 798 3989 6353 2017 323 6160 8387 7949 8994
178 2289 9670 4294 6022 6740 1070 798 3989 6353 2017 323 6160 8387 7949 8994
179 2289 9670 4294 6022 6740 1070 798 3989 6353 2017 323 6160 8387 7949 8994
180 2289 9670 4294 6022 6740 1070 798 3989 6353 2017 323 6160 8387 7949 8994
181 2289 9670 4294 6022 6740 1070 798 3989 6353 2017 323 6160 8387 7949 8994
182 2289 9670 4294 6022 6740 1070 798 3989 6353 2017 323 6160 8387 7949 8994
183 2289 9670 4294 6022 6740 1070 798 3989 6353 2017 323 6160 8387 7949 8994
184 2289 9670 4294 6022 6740 1070 798 3989 6353 2017 323 6160 8387 7949 8994
185 2289 9670 4294 6022 6740 1070 798 3989 6353 2017 323 6160 8387 7949 8994
186 2289 9670 4294 6022 6740 1070 798 3989 6353 2017 323 6160 8387 7949 8994
187 2289 9670 4294 6022 6740 1070 798 3989 6353 2017 323 6160 8387 7949 8994
188 2289 9670 4294 6022 6740 1070 798 3989 6353 2017 323 6160 8387 7949 8994
189 2289 9670 4294 6022 6740 1070 798 3989 6353 2017 323 6160 8387 7949 8994
190 2289 9670 4294 6022 6740 1070 798 3989 6353 2017 323 6160 8387 7949 8994
191 2289 9670 4294 6022 6740 1070 798 3989 6353 2017 323 6160 8387 7949 8994
192 2289 9670 4294 6022 6740 1070 798 3989 6353 2017 323 6160 8387 7949 8994
193 2289 9670 4294 6022 6740 1070 798 3989 6353 2017 323 6160 8387 7949 8994
194 2289 9670 4294 6022 6740 1070 798 3989 6353 2017 323 6160 8387 7949 8994
195 2289 9670 4294 6022 6740 1070 798 3989 6353 2017 323 6160 8387 7949 8994
196 2289 9670 4294 6022 6740 1070 798 3989 6353 2017 323 6160 8387 7949 8994
197 2289 9670 4294 6022 6740 1070 798 3989 6353 2017 323 6160 8387 7949 8994
198 2289 9670 4294 6022 6740 1070 798 3989 6353 2017 323 6160 8387 7949 8994
199 2289 9670 4294 6022 6740 1070 798 3989 6353 2017 323 6160 8387 7949 8994
200 2289 9670 4294 6022 6740 1070 798 3989 6353 2017 323 6160 8387 7949 8994
201 2289 9670 4294 6022 6740 1070 798 3989 6353 2017 323 6160 8387 7949 8994
202 2289 9670 4294 6022 6740 1070 798 3989 6353 2017 323 6160 8387 7949 8994
203 2289 9670 4294 6022 6740 1070 798 3989 6353 2017 323 6160 8387 7949 8994
204 2289 9670 4294 6022 6740 1070 798 3989 6353 2017 323 6160 8387 7949 8994
205 2289 9670 4294 6022 6740 1070 798 3989 6353 2017 323 6160 8387 7949 8994
206 2289 9670 4294 6022 6740 1070 798 3989 6353 2017 323 6160 8387 7949 8994
207 2289 9670 4294 6022 6740 1070 798 3989 6353 2017 323 6160 8387 7949 8994
208 2289 9670 4294 6022 6740 1070 798 3989 6353 2017 323 6160 8387 7949 8994
209 2289 9670 4294 6022 6740 1070 798 3989 6353 2017 323 6160 8387 7949 8994
210 2289 9670 4294 6022 6740 1070 798 3989 6353 2017 323 6160 8387 7949 8994
211 2289 9670 4294 6022 6740 1070 798 3989 6353 2017 323 6160 8387 7949 8994
212 2289 9670 4294 6022 6740 1070 798 3989 6353 2017 323 6160 8387 7949 8994
213 2289 9670 4294 6022 6740 1070 798 3989 6353 2017 323 6160 8387 7949 8994
214 2289 9670 4294 6022 6740 1070 798 3989 6353 2017 323 6160 8387 7949 8994
215 2289 9670 4294 6022 6740 1070 798 3989 6353 2017 323 6160 8387 7949 8994
216 2289 9670 4294 6022 6740 1070 798 3989 6353 2017 323 6160 8387 7949 8994
217 2289 9670 4294 6022 6740 1070 798 3989 6353 2017 323 6160 8387 7949 8994
218 2289 9670 4294 6022 6740 1070 798 3989 6353 2017 323 6160 8387 7949 8994
219 2289 9670 4294 6022 6740 1070 798 3989 6353 2017 323 6160 8387 7949 8994
220 2289 9670 4294 6022 6740 1070 798 3989 6353 2017 323 6160 8387 7949 8994
221 2289 9670 4294 6022 6740 1070 798 3989 6353 2017 323 6160 8387 7949 8994
222 2289 9670 4294 6022 6740 1070 798 3989 6353 2017 323 6160 8387 7949 8994
223 2289 9670 4294 6022 6740 1070 798 3989 6353 2017 323 6160 8387 7949 8994
224 2289 9670 4294 6022 6740 1070 798 3989 6353 2017 323 6160 8387 7949 8994
225 2289 9670 4294 6022 6740 1070 798 3989 6353 2017 323 6160 8387 7949 8994
226 2289 9670 4294 6022 6740 1070 798 3989 6353 2017 323 6160 8387 7949 8994
227 2289 9670 4294 6022 6740 1070 798 3989 6353 2017 323 6160 8387 7949 8994
228 2289 9670 4294 6022 6740 1070 798 3989 6353 2017 323 6160 8387 7949 8994
229 2289 9670 4294 6022 6740 1070 798 3989 6353 2017 323 6160 8387 7949 8994
230 2289 9670 4294 6022 6740 1070 798 3989 6353 2017 323 6160 8387 7949 8994
231 2289 9670 4294 6022 6740 1070 798 3989 6353 2017 323 6160 8387 7949 8994
232 2289 9670 4294 6022 6740 1070 798 3989 6353 2017 323 6160 8387 7949 8994
233 2289 9670 4294 6022 6740 1070 798 3989 6353 2017 323 6160 8387 7949 8994
234 2289 9670 4294 6022 6740 1070 798 3989 6353 2017 323 6160 8387 7949 8994
235 2289 9670 4294 6022 6740 1070 798 3989 6353 2017 323 6160 8387 7949 8994
236 2289 9670 4294 6022 6740 1070 798 3989 6353 2017 323 6160 8387 7949 8994
237 2289 9670 4294 6022 6740 1070 798 3989 6353 2017 323 6160 8387 7949 8994
238 2289 9670 4294 6022 6740 1070 798 3989 6353 2017 323 6160 8387 7949 8994
239 2289 9670 4294 6022 6740 1070 798 3989 6353 2017 323 6160 8387 7949 8994
240 2289 9670 4294 6022 6740 1070 798 3989 6353 2017 323 6160 8387 7949 8994
241 2289 9670 4294 6022 6740 1070 798 3989 6353 2017 323 6160 8387 7949 8994
242 2289 9670 4294 6022 6740 1070 798 3989 6353 2017 323 6160 8387 7949 8994
243 2289 9670 4294 6022 6740 1070 798 3989 6353 2017 323 6160 8387 7949 8994
244 2289 9670 4294 6022 6740 1070 798 3989 6353 2017 323 6160 8387 7949 8994
245 2289 9670 4294 6022 6740 1070 798 3989 6353 2017 323 6160 8387 7949 8994
246 2289 9670 4294 6022 6740 1070 798 3989 6353 2017 323 6160 8387 7949 8994
247 2289 9670 4294 6022 6740 1070 798 3989 6353 2017 323 6160 8387 7949 8994
248 2289 9670 4294 6022 6740 1070 798 3989 6353 2017 323 6160 8387 7949 8994
249 2289 9670 4294 6022 6740 1070 798 3989 6353 2017 323 6160 8387 7949 8994
250 2289 9670 4294 6022 6740 1070 798 3989 6353 2017 323 6160 8387 7949 8994
251 2289 9670 4294 6022 6740 1070 798 3989 6353 2017 323 6160 8387 7949 8994
252 2289 9670 4294 6022 6740 1070 798 3989 6353 2017 323 6160 8387 7949 8994
253 2289 9670 4294 6022 6740 1070 798 3989 6353 2017 323 6160 8387 7949 8994
254 2289 9670 4294 6022 6740 1070 798 3989 6353 2017 323 6160 8387 7949 8994
255 2289 9670 4294 6022 6740 1070 798 3989 6353 2017 323 6160 8387 7949 8994
256 2289 9670 4294 6022 6740 1070 798 3989 6353 2017 323 6160 8387 7949 8994
257 2289 9670 4294 6022 6740 1070 798 3989 6353 2017 323 6160 8387 7949 8994
258 2289 9670 4294 6022 6740 1070 798 3989 6353 2017 323 6160 8387 7949 8994
259 2289 9670 4294 6022 6740 1070 798 3989 6353 2017 323 6160 8387 7949 8994
260 2289 9670 4294 6022 6740 1070 798 3989 6353 2017 323 6160 8387 7949 8994
261 2289 9670 4294 6022 6740 1070 798 3989 6353 2017 323 6160 8387 7949 8994
262 2289 9670 4294 6022 6740 1070 798 3989 6353 2017 323 6160 8387 7949 8994
263 2289 9670 4294 6022 6740 1070 798 3989 6353 2017 323 6160 8387 7949 8994
264 2289 9670 4294 6022 6740 1070 798 3989 6353 2017 323 6160 8387 7949 8994
265 2289 9670 4294 6022 6740 1070 798 3989 6353 2017 323 6160 8387 7949 8994
266 2289 9670 4294 6022 6740 1070 798 3989 6353 2017 323 6160 8387 7949 8994
267 2289 9670 4294 6022 6740 1070 798 3989 6353 2017 323 6160 8387 7949 8994
268 2289 9670 4294 6022 6740 1070 798 3989 6353 2017 323 6160 8387 7949 8994
269 2289 9670 4294 6022 6740 1070 798 3989 6353 2017 323 6160 8387 7949 8994
270 2289 9670 4294 6022 6740 1070 798 3989 6353 2017 323 6160 8387 7949 8994
271 2289 9670 4294 6022 6740 1070 798 3989 6353 2017 323 6160 8387 7949 8994
272 2289 9670 4294 6022 6740 1070 798 3989 6353 2017 323 6160 8387 7949 8994
273 2289 9670 4294 6022 6740 1070 798 3989 6353 2017 323 6160 8387 7949 8994
274 2289 9670 4294 6022 6740 1070 798 3989 6353 2017 323 6160 8387 7949 8994
275 2289 9670 4294 6022 6740 1070 798 3989 6353 2017 323 6160 8387 7949 8994
276 2289 9670 4294 6022 6740 1070 798 3989 6353 2017 323 6160 8387 7949 8994
277 2289 9670 4294 6022 6740 1070 798 3989 6353 2017 323 6160 8387 7949 8994
278 2289 9670 4294 6022 6740 1070 798 3989 6353 2017 323 6160 8387 7949 8994
279 2289 9670 4294 6022 6740 1070 798 3989 6353 2017 323 6160 8387 7949 8994
280 2289 9670 4294 6022 6740 1070 798 3989 6353 2017 323 6160 8387 7949 8994
281 2289 9670 4294 6022 6740 1070 798 3989 6353 2017 323 6160 8387 7949 8994
282 2289 9670 4294 6022 6740 1070 798 3989 6353 2017 323 6160 8387 7949 8994
283 2289 9670 4294 6022 6740 1070 798 3989 6353 2017 323 6160 8387 7949 8994
284 2289 9670 4294 6022 6740 1070 798 3989 6353 2017 323 6160 8387 7949 8994
285 2289 9670 4294 6022 6740 1070 798 3989 6353 2017 323 6160 8387 7949 8994
286 2289 9670 4294 6022 6740 1070 798 3989 6353 2017 323 6160 8387 7949 8994
287 2289 9670 4294 6022 6740 1070 798 3989 6353 2017 323 6160 8387 7949 8994
288 2289 9670 4294 6022 6740 1070 798 3989 6353 2017 323 6160 8387 7949 8994
289 2289 9670 4294 6022 6740 1070 798 3989 6353 2017 323 6160 8387 7949 8994
290 2289 9670 4294 6022 6740 1070 798 3989 6353 2017 323 6160 8387 7949 8994
291 2289 9670 4294 6022 6740 1070 798 3989 6353 2017 323 6160 8387 7949 8994
292 2289 9670 4294 6022 6740 1070 798 3989 6353 2017 323 6160 8387 7949 8994
293 2289 9670 4294 6022 6740 1070 798 3989 6353 2017 323 6160 8387 7949 8994
294 2289 9670 4294 6022 6740 1070 798 3989 6353 2017 323 6160 8387 7949 8994
295 2289 9670 4294 6022 6740 1070 798 3989 6353 2017 323 6160 8387 7949 8994
296 2289 9670 4294 6022 6740 1070 798 3989 6353 2017 323 6160 8387 7949 8994
297 2289 9670 4294 6022 6740 1070 798 3989 6353 2017 323 6160 8387 7949 8994
298 2289 9670 4294 6022 6740 1070 798 3989 6353 2017 323 6160 8387 7949 8994
299 2289 9670 4294 6022 6740 1070 798 3989 6353 2017 323 6160 8387 7949 8994
300 2289 9670 4294 6022 6740 1070 798 3989 6353 2017 323 6160 8387 7949 8994
301 2289 9670 4294 6022 6740 1070 798 3989 6353 2017 323 6160 8387 7949 8994
302 2289 9670 4294 6022 6740 1070 798 3989 6353 2017 323 6160 8387 7949 8994
303 2289 9670 4294 6022 6740 1070 798 3989 6353 2017 323 6160 8387 7949 8994
304 2289 9670 4294 6022 6740 1070 798 3989 6353 2017 323 6160 8387 7949 8994
305 2289 9670 4294 6022 6740 1070 798 3989 6353 2017 323 6160 8387 7949 8994
306 2289 9670 4294 6022 6740 1070 798 3989 6353 2017 323 6160 8387 7949 8994
307 2289 9670 4294 6022 6740 1070 798 3989 6353 2017 323 6160 8387 7949 8994
308 2289 9670 4294 6022 6740 1070 798 3989 6353 2017 323 6160 8387 7949 8994
309 2289 9670 4294 6022 6740 1070 798 3989 6353 2017 323 6160 8387 7949 8994
310 2289 9670 4294 6022 6740 1070 798 3989 6353 2017 323 6160 8387 7949 8994
311 2289 9670 4294 6022 6740 1070 798 3989 6353 2017 323 6160 8387 7949 8994
312 2289 9670 4294 6022 6740 1070 798 3989 6353 2017 323 6160 8387 7949 8994
313 2289 9670 4294 6022 6740 1070 798 3989 6353 2017 323 6160 8387 7949 8994
314 2289 9670 4294 6022 6740 1070 798 3989 6353 2017 323 6160 8387 7949 8994
315 2289 9670 4294 6022 6740 1070 798 3989 6353 2017 323 6160 8387 7949 8994
316 2289 9670 4294 6022 6740 1070 798 3989 6353 2017 323 6160 8387 7949 8994
317 2289 9670 4294 6022 6740 1070 798 3989 6353 2017 323 6160 8387 7949 8994
318 2289 9670 4294 6022 6740 1070 798 3989 6353 2017 323 6160 8387 7949 8994
319 2289 9670 4294 6022 6740 1070 798 3989 6353 2017 323 6160 8387 7949 8994
320 2289 9670 4294 6022 6740 1070 798 3989 6353 2017 323 6160 8387 7949 8994
321 2289 9670 4294 6022 6740 1070 798 3989 6353 2017 323 6160 8387 7949 8994
322 2289 9670 4294 6022 6740 1070 798 3989 6353 2017 323 6160 8387 7949 8994
323 2289 9670 4294 6022 6740 1070 798 3989 6353 2017 323 6160 8387 7949 8994
324 2289 9670 4294 6022 6740 1070 798 3989 6353 2017 323 6160 8387 7949 8994
325 2289 9670 4294 6022 6740 1070 798 3989 6353 2017 323 6160 8387 7949 8994
326 2289 9670 4294 6022 6740 1070 798 3989 6353 2017 323 6160 8387 7949 8994
327 2289 9670 4294 6022 6740 1070 798 3989 6353 2017 323 6160 8387 7949 8994
328 2289 9670 4294 6022 6740 1070 798 3989 6353 2017 323 6160 8387 7949 8994
329 2289 9670 4294 6022 6740 1070 798 3989 6353 2017 323 6160 8387 7949 8994
330 2289 9670 4294 6022 6740 1070 798 3989 6353 2017 323 6160 8387 7949 8994
331 2289 9670 4294 6022 6740 1070 798 3989 6353 2017 323 6160 8387 7949 8994
332 2289 9670 4294 6022 6740 1070 798 3989 6353 2017 323 6160 8387 7949 8994
333 2289 9670 4294 6022 6740 1070 798 3989 6353 2017 323 6160 8387 7949 8994
334 2289 9670 4294 6022 6740 1070 798 3989 6353 2017 323 6160 8387 7949 8994
335 2289 9670 4294 6022 6740 1070 798 3989 6353 2017 323 6160 8387 7949 8994
336 2289 9670 4294 6022 6740 1070 798 3989 6353 2017 323 6160 8387 7949 8994
337 2289 9670 4294 6022 6740 1070 798 3989 6353 2017 323 6160 8387 7949 8994
338 2289 9670 4294 6022 6740 1070 798 3989 6353 2017 323 6160 8387 7949 8994
339 2289 9670 4294 6022 6740 1070 798 3989 6353 2017 323 6160 8387 7949 8994
340 2289 9670 4294 6022 6740 1070 798 3989 6353 2017 323 6160 8387 7949 8994
341 2289 9670 4294 6022 6740 1070 798 3989 6353 2017 323 6160 8387 7949 8994
342 2289 9670 4294 6022 6740 1070 798 3989 6353 2017 323 6160 8387 7949 8994
343 2289 9670 4294 6022 6740 1070 798 3989 6353 2017 323 6160 8387 7949 8994
344 2289 9670 4294 6022 6740 1070 798 3989 6353 2017 323 6160 8387 7949 8994
345 2289 9670 4294 6022 6740 1070 798 3989 6353 2017 323 6160 8387 7949 8994
346 2289 9670 4294 6022 6740 1070 798 3989 6353 2017 323 6160 8387 7949 8994
347 2289 9670 4294 6022 6740 1070 798 3989 6353 2017 323 6160 8387 7949 8994
348 2289 9670 4294 6022 6740 1070 798 3989 6353 2017 323 6160 8387 7949 8994
349 2289 9670 4294 6022 6740 1070 798 3989 6353 2017 323 6160 8387 7949 8994
350 2289 9670 4294 6022 6740 1070 798 3989 6353 2017 323 6160 8387 7949 8994
351 2289 9670 4294 6022 6740 1070 798 3989 6353 2017 323 6160 8387 7949 8994
352 2289 9670 4294 6022 6740 1070 798 3989 6353 2017 323 6160 8387 7949 8994
353 2289 9670 4294 6022 6740 1070 798 3989 6353 2017 323 6160 8387 7949 8994
354 2289 9670 4294 6022 6740 1070 798 3989 6353 2017 323 6160 8387 7949 8994
355 2289 9670 4294 6022 6740 1070 798 3989 6353 2017 323 6160 8387 7949 8994
356 2289 9670 4294 6022 6740 1070 798 3989 6353 2017 323 6160 8387 7949 8994
357 2289 9670 4294 6022 6740 1070 798 3989 6353 2017 323 6160 8387 7949 8994
358 2289 9670 4294 6022 6740 1070 798 3989 6353 2017 323 6160 8387 7949 8994
359 2289 9670 4294 6022 6740 1070 798 3989 6353 2017 323 6160 8387 7949 8994
360 2289 9670 4294 6022 6740 1070 798 3989 6353 2017 323 6160 8387 7949 8994
361 2289 9670 4294 6022 6740 1070 798 3989 6353 2017 323 6160 8387 7949 8994
362 2289 9670 4294 6022 6740 1070 798 3989 6353 2017 323 6160 8387 7949 8994
363 2289 9670 4294 6022 6740 1070 798 3989 6353 2017 323 6160 8387 7949 8994
364 2289 9670 4294 6022 6740 1070 798 3989 6353 2017 323 6160 8387 7949 8994
365 2289 9670 4294 6022 6740 1070 798 3989 6353 2017 323 6160 8387 7949 8994
366 2289 9670 4294 6022 6740 1070 798 3989 6353 2017 323 6160 8387 7949 8994
367 2289 9670 4294 6022 6740 1070 798 3989 6353 2017 323 6160 8387 7949 8994
368 2289 9670 4294 6022 6740 1070 798 3989 6353 2017 323 6160 8387 7949 8994
369 2289 9670 4294 6022 6740 1070 798 3989 6353 2017 323 6160 8387 7949 8994
370 2289 9670 4294 6022 6740 1070 798 3989 6353 2017 323 6160 8387 7949 8994
371 2289 9670 4294 6022 6740 1070 798 3989 6353 2017 323 6160 8387 7949 8994
372 2289 9670 4294 6022 6740 1070 798 3989 6353 2017 323 6160 8387 7949 8994
373 2289 9670 4294 6022 6740 1070 798 3989 6353 2017 323 6160 8387 7949 8994
374 2289 9670 4294 6022 6740 1070 798 3989 6353 2017 323 6160 8387 7949 8994
375 2289 9670 4294 6022 6740 1070 798 3989 6353 2017 323 6160 8387 7949 8994
376 2289 9670 4294 6022 6740 1070 798 3989 6353 2017 323 6160 8387 7949 8994
377 2289 9670 4294 6022 6740 1070 798 3989 6353 2017 323 6160 8387 7949 8994
378 2289 9670 4294 6022 6740 1070 798 3989 6353 2017 323 6160 8387 7949 8994
379 2289 9670 4294 6022 6740 1070 798 3989 6353 2017 323 6160 8387 7949 8994
380 2289 9670 4294 6022 6740 1070 798 3989 6353 2017 323 6160 8387 7949 8994
381 2289 9670 4294 6022 6740 1070 798 3989 6353 2017 323 6160 8387 7949 8994
382 2289 9670 4294 6022 6740 1070 798 3989 6353 2017 323 6160 8387 7949 8994
383 2289 9670 4294 6022 6740 1070 798 3989 6353 2017 323 6160 8387 7949 8994
384 2289 9670 4294 6022 6740 1070 798 3989 6353 2017 323 6160 8387 7949 8994
385 2289 9670 4294 6022 6740 1070 798 3989 6353 2017 323 6160 8387 7949 8994
386 2289 9670 4294 6022 6740 1070 798 3989 6353 2017 323 6160 8387 7949 8994
387 2289 9670 4294 6022 6740 1070 798 3989 6353 2017 323 6160 8387 7949 8994
388 2289 9670 4294 6022 6740 1070 798 3989 6353 2017 323 6160 8387 7949 8994
389 2289 9670 4294 6022 6740 1070 798 3989 6353 2017 323 6160 8387 7949 8994
390 2289 9670 4294 6022 6740 1070 798 3989 6353 2017 323 6160 8387 7949 8994
391 2289 9670 4294 6022 6740 1070 798 3989 6353 2017 323 6160 8387 7949 8994
392 2289 9670 4294 6022 6740 1070 798 3989 6353 2017 323 6160 8387 7949 8994
393 2289 9670 4294 6022 6740 1070 798 3989 6353 2017 323 6160 8387 7949 8994
394 2289 9670 4294 6022 6740 1070 798 3989 6353 2017 323 6160 8387 7949 8994
395 2289 9670 4294 6022 6740 1070 798 3989 6353 2017 323 6160 8387 7949 8994
396 2289 9670 4294 6022 6740 1070 798 3989 6353 2017 323 6160 8387 7949 8994
397 2289 9670 4294 6022 6740 1070 798 3989 6353 2017 323 6160 8387 7949 8994
398 2289 9670 4294 6022 6740 1070 798 3989 6353 2017 323 6160 8387 7949 8994
399 2289 9670 4294 6022 6740 1070 798 3989 6353 2017 323 6160 8387 7949 8994
400 2289 9670 4294 6022 6740 1070 798 3989 6353 2017 323 6160 8387 7949 8994
401 2289 9670 4294 6022 6740 1070 798 3989 6353 2017 323 6160 8387 7949 8994
402 2289 9670 4294 6022 6740 1070 798 3989 6353 2017 323 6160 8387 7949 8994
403 2289 9670 4294 6022 6740 1070 798 3989 6353 2017 323 6160 8387 7949 8994
404 2289 9670 4294 6022 6740 1070 798 3989 6353 2017 323 6160 8387 7949 8994
405 2289 9670 4294 6022 6740 1070 798 3989 6353 2017 323 6160 8387 7949 8994
406 2289 9670 4294 6022 6740 1070 798 3989 6353 2017 323 6160 8387 7949 8994
407 2289 9670 4294 6022 6740 1070 798 3989 6353 2017 323 6160 8387 7949 8994
408 2289 9670 4294 6022 6740 1070 798 3989 6353 2017 323 6160 8387 7949 8994
409 2289 9670 4294 6022 6740 1070 798 3989 6353 2017 323 6160 8387 7949 8994
410 2289 9670 4294 6022 6740 1070 798 3989 6353 2017 323 6160 8387 7949 8994
411 2289 9670 4294 6022 6740 1070 798 3989 6353 2017 323 6160 8387 7949 8994
412 2289 9670 4294 6022 6740 1070 798 3989 6353 2017 323 6160 8387 7949 8994
413 2289 9670 4294 6022 6740 1070 798 3989 6353 2017 323 6160 8387 7949 8994
414 2289 9670 4294 6022 6740 1070 798 3989 6353 2017 323 6160 8387 7949 8994
415 2289 9670 4294 6022 6740 1070 798 3989 6353 2017 323 6160 8387 7949 8994
416 2289 9670 4294 6022 6740 1070 798 3989 6353 2017 323 6160 8387 7949 8994
417 2289 9670 4294 6022 6740 1070 798 3989 6353 2017 323 6160 8387 7949 8994
418 2289 9670 4294 6022 6740 1070 798 3989 6353 2017 323 6160 8387 7949 8994
419 2289 9670 4294 6022 6740 1070 798 3989 6353 2017 323 6160 8387 7949 8994
420 2289 9670 4294 6022 6740 1070 798 3989 6353 2017 323 6160 8387 7949 8994
421 2289 9670 4294 6022 6740 1070 798 3989 6353 2017 323 6160 8387 7949 8994
422 2289 9670 4294 6022 6740 1070 798 3989 6353 2017 323 6160 8387 7949 8994
423 2289 9670 4294 6022 6740 1070 798 3989 6353 2017 323 6160 8387 7949 8994
424 2289 9670 4294 6022 6740 1070 798 3989 6353 2017 323 6160 8387 7949 8994
425 2289 9670 4294 6022 6740 1070 798 3989 6353 2017 323 6160 8387 7949 8994
426 2289 9670 4294 6022 6740 1070 798 3989 6353 2017 323 6160 8387 7949 8994
427 2289 9670 4294 6022 6740 1070 798 3989 6353 2017 323 6160 8387 7949 8994
428 2289 9670 4294 6022 6740 1070 798 3989 6353 2017 323 6160 8387 7949 8994
429 2289 9670 4294 6022 6740 1070 798 3989 6353 2017 323 6160 8387 7949 8994
430 2289 9670 4294 6022 6740 1070 798 3989 6353 2017 323 6160 8387 7949 8994
431 2289 9670 4294 6022 6740 1070 798 3989 6353 2017 323 6160 8387 7949 8994
432 2289 9670 4294 6022 6740 1070 798 3989 6353 2017 323 6160 8387 7949 8994
433 2289 9670 4294 6022 6740 1070 798 3989 6353 2017 323 6160 8387 7949 8994
434 2289 9670 4294 6022 6740 1070 798 3989 6353 2017 323 6160 8387 7949 8994
435 2289 9670 4294 6022 6740 1070 798 3989 6353 2017 323 6160 8387 7949 8994
436 2289 9670 4294 6022 6740 1070 798 3989 6353 2017 323 6160 8387 7949 8994
437 2289 9670 4294 6022 6740 1070 798 3989 6353 2017 323 6160 8387 7949 8994
438 2289 9670 4294 6022 6740 1070 798 3989 6353 2017 323 6160 8387 7949 8994
439 2289 9670 4294 6022 6740 1070 798 3989 6353 2017 323 6160 8387 7949 8994
440 2289 9670 4294 6022 6740 1070 798 3989 6353 2017 323 6160 8387 7949 8994
441 2289 9670 4294 6022 6740 1070 798 3989 6353 2017 323 6160 8387 7949 8994
442 2289 9670 4294 6022 6740 1070 798 3989 6353 2017 323 6160 8387 7949 8994
443 2289 9670 4294 6022 6740 1070 798 3989 6353 2017 323 6160 8387 7949 8994
444 2289 9670 4294 6022 6740 1070 798 3989 6353 2017 323 6160 8387 7949 8994
445 2289 9670 4294 6022 6740 1070 798 3989 6353 2017 323 6160 8387 7949 8994
446 2289 9670 4294 6022 6740 1070 798 3989 6353 2017 323 6160 8387 7949 8994
447 2289 9670 4294 6022 6740 1070 798 3989 6353 2017 323 6160 8387 7949 8994
448 2289 9670 4294 6022 6740 1070 798 3989 6353 2017 323 6160 8387 7949 8994
449 2289 9670 4294 6022 6740 1070 798 3989 6353 2017 323 6160 8387 7949 8994
450 2289 9670 4294 6022 6740 1070 798 3989 6353 2017 323 6160 8387 7949 8994
451 2289 9670 4294 6022 6740 1070 798 3989 6353 2017 323 6160 8387 7949 8994
452 2289 9670 4294 6022 6740 1070 798 3989 6353 2017 323 6160 8387 7949 8994
453 2289 9670 4294 6022 6740 1070 798 3989 6353 2017 323 6160 8387 7949 8994
454 2289 9670 4294 6022 6740 1070 798 3989 6353 2017 323 6160 8387 7949 8994
455 2289 9670 4294 6022 6740 1070 798 3989 6353 2017 323 6160 8387 7949 8994
456 2289 9670 4294 6022 6740 1070 798 3989 6353 2017 323 6160 8387 7949 8994
457 2289 9670 4294 6022 6740 1070 798 3989 6353 2017 323 6160 8387 7949 8994
458 2289 9670 4294 6022 6740 1070 798 3989 6353 2017 323 6160 8387 7949 8994
459 2289 9670 4294 6022 6740 1070 798 3989 6353 2017 323 6160 8387 7949 8994
460 2289 9670 4294 6022 6740 1070 798 3989 6353 2017 323 6160 8387 7949 8994
461 2289 9670 4294 6022 6740 1070 798 3989 6353 2017 323 6160 8387 7949 8994
462 2289 9670 4294 6022 6740 1070 798 3989 6353 2017 323 6160 8387 7949 8994
463 2289 9670 4294 6022 6740 1070 798 3989 6353 2017 323 6160 8387 7949 8994
464 2289 9670 4294 6022 6740 1070 798 3989 6353 2017 323 6160 8387 7949 8994
465 2289 9670 4294 6022 6740 1070 798 3989 6353 2017 323 6160 8387 7949 8994
466 2289 9670 4294 6022 6740 1070 798 3989 6353 2017 323 6160 8387 7949 8994
467 2289 9670 4294 6022 6740 1070 798 3989 6353 2017 323 6160 8387 7949 8994
468 2289 9670 4294 6022 6740 1070 798 3989 6353 2017 323 6160 8387 7949 8994
469 2289 9670 4294 6022 6740 1070 798 3989 6353 2017 323 6160 8387 7949 8994
470 2289 9670 4294 6022 6740 1070 798 3989 6353 2017 323 6160 8387 7949 8994
471 2289 9670 4294 6022 6740 1070 798 3989 6353 2017 323 6160 8387 7949 8994
472 2289 9670 4294 6022 6740 1070 798 3989 6353 2017 323 6160 8387 7949 8994
473 2289 9670 4294 6022 6740 1070 798 3989 6353 2017 323 6160 8387 7949 8994
474 2289 9670 4294 6022 6740 1070 798 3989 6353 2017 323 6160 8387 7949 8994
475 2289 9670 4294 6022 6740 1070 798 3989 6353 2017 323 6160 8387 7949 8994
476 2289 9670 4294 6022 6740 1070 798 3989 6353 2017 323 6160 8387 7949 8994
477 2289 9670 4294 6022 6740 1070 798 3989 6353 2017 323 6160 8387 7949 8994
478 2289 9670 4294 6022 6740 1070 798 3989 6353 2017 323 6160 8387 7949 8994
479 2289 9670 4294 6022 6740 1070 798 3989 6353 2017 323 6160 8387 7949 8994
480 2289 9670 4294 6022 6740 1070 798 3989 6353 2017 323 6160 8387 7949 8994
481 2289 9670 4294 6022 6740 1070 798 3989 6353 2017 323 6160 8387 7949 8994
482 2289 9670 4294 6022 6740 1070 798 3989 6353 2017 323 6160 8387 7949 8994
483 2289 9670 4294 6022 6740 1070 798 3989 6353 2017 323 6160 8387 7949 8994
484 2289 9670 4294 6022 6740 1070 798 3989 6353 2017 323 6160 8387 7949 8994
485 2289 9670 4294 6022 6740 1070 798 3989 6353 2017 323 6160 8387 7949 8994
486 2289 9670 4294 6022 6740 1070 798 3989 6353 2017 323 6160 8387 7949 8994
487 2289 9670 4294 6022 6740 1070 798 3989 6353 2017 323 6160 8387 7949 8994
488 2289 9670 4294 6022 6740 1070 798 3989 6353 2017 323 6160 8387 7949 8994
489 2289 9670 4294 6022 6740 1070 798 3989 6353 2017 323 6160 8387 7949 8994
490 2289 9670 4294 6022 6740 1070 798 3989 6353 2017 323 6160 8387 7949 8994
491 2289 9670 4294 6022 6740 1070 798 3989 6353 2017 323 6160 8387 7949 8994
492 2289 9670 4294 6022 6740 1070 798 3989 6353 2017 323 6160 8387 7949 8994
493 2289 9670 4294 6022 6740 1070 798 3989 6353 2017 323 6160 8387 7949 8994
494 2289 9670 4294 6022 6740 1070 798 3989 6353 2017 323 6160 8387 7949 8994
495 2289 9670 4294 6022 6740 1070 798 3989 6353 2017 323 6160 8387 7949 8994
496 2289 9670 4294 6022 6740 1070 798 3989 6353 2017 323 6160 8387 7949 8994
497 2289 9670 4294 6022 6740 1070 798 3989 6353 2017 323 6160 8387 7949 8994
498 2289 9670 4294 6022 6740 1070 798 3989 6353 2017 323 6160 8387 7949 8994
499 2289 9670 4294 6022 6740 1070 798 3989 6353 2017 323 6160 8387 7949 8994
