100
0 670 8 0 6 762 43 281 32 26 73 12 22 55 157 1 28 5 41 63 1436 4 225 3684 33 45 3 7 3618 67 96 18 52 89 229 1506 356 138
1 670 8 0 6 762 43 281 32 26 73 12 22 55 157 1 28 5 41 63 1436 4 225 3684 33 45 3 7 3618 67 96 18 52 89 229 1506 356 138
2 670 8 0 6 762 43 281 32 26 73 12 22 55 157 1 28 5 41 63 1436 4 225 3684 33 45 3 7 3618 67 96 18 52 89 229 1506 356 138
3 670 8 0 6 762 43 281 32 26 73 12 22 55 157 1 28 5 41 63 1436 4 225 3684 33 45 3 7 3618 67 96 18 52 89 229 1506 356 138
4 670 8 0 6 762 43 281 32 26 73 12 22 55 157 1 28 5 41 63 1436 4 225 3684 33 45 3 7 3618 67 96 18 52 89 229 1506 356 138
5 670 8 0 6 762 43 281 32 26 73 12 22 55 157 1 28 5 41 63 1436 4 225 3684 33 45 3 7 3618 67 96 18 52 89 229 1506 356 138
6 670 8 0 6 762 43 281 32 26 73 12 22 55 157 1 28 5 41 63 1436 4 225 3684 33 45 3 7 3618 67 96 18 52 89 229 1506 356 138
7 670 8 0 6 762 43 281 32 26 73 12 22 55 157 1 28 5 41 63 1436 4 225 3684 33 45 3 7 3618 67 96 18 52 89 229 1506 356 138
8 670 8 0 6 762 43 281 32 26 73 12 22 55 157 1 28 5 41 63 1436 4 225 3684 33 45 3 7 3618 67 96 18 52 89 229 1506 356 138
9 670 8 0 6 762 43 281 32 26 73 12 22 55 157 1 28 5 41 63 1436 4 225 3684 33 45 3 7 3618 67 96 18 52 89 229 1506 356 138
10 670 8 0 6 762 43 281 32 26 73 12 22 55 157 1 28 5 41 63 1436 4 225 3684 33 45 3 7 3618 67 96 18 52 89 229 1506 356 138
11 670 8 0 6 762 43 281 32 26 73 12 22 55 157 1 28 5 41 63 1436 4 225 3684 33 45 3 7 3618 67 96 18 52 89 229 1506 356 138
12 670 8 0 6 762 43 281 32 26 73 12 22 55 157 1 28 5 41 63 1436 4 225 3684 33 45 3 7 3618 67 96 18 52 89 229 1506 356 138
13 670 8 0 6 762 43 281 32 26 73 12 22 55 157 1 28 5 41 63 1436 4 225 3684 33 45 3 7 3618 67 96 18 52 89 229 1506 356 138
14 670 8 0 6 762 43 281 32 26 73 12 22 55 157 1 28 5 41 63 1436 4 225 3684 33 45 3 7 3618 67 96 18 52 89 229 1506 356 138
15 670 8 0 6 762 43 281 32 26 73 12 22 55 157 1 28 5 41 63 1436 4 225 3684 33 45 3 7 3618 67 96 18 52 89 229 1506 356 138
16 670 8 0 6 762 43 281 32 26 73 12 22 55 157 1 28 5 41 63 1436 4 225 3684 33 45 3 7 3618 67 96 18 52 89 229 1506 356 138
17 670 8 0 6 762 43 281 32 26 73 12 22 55 157 1 28 5 41 63 1436 4 225 3684 33 45 3 7 3618 67 96 18 52 89 229 1506 356 138
18 670 8 0 6 762 43 281 32 26 73 12 22 55 157 1 28 5 41 63 1436 4 225 3684 33 45 3 7 3618 67 96 18 52 89 229 1506 356 138
19 670 8 0 6 762 43 281 32 26 73 12 22 55 157 1 28 5 41 63 1436 4 225 3684 33 45 3 7 3618 67 96 18 52 89 229 1506 356 138
20 670 8 0 6 762 43 281 32 26 73 12 22 55 157 1 28 5 41 63 1436 4 225 3684 33 45 3 7 3618 67 96 18 52 89 229 1506 356 138
21 670 8 0 6 762 43 281 32 26 73 12 22 55 157 1 28 5 41 63 1436 4 225 3684 33 45 3 7 3618 67 96 18 52 89 229 1506 356 138
22 670 8 0 6 762 43 281 32 26 73 12 22 55 157 1 28 5 41 63 1436 4 225 3684 33 45 3 7 3618 67 96 18 52 89 229 1506 356 138
23 670 8 0 6 762 43 281 32 26 73 12 22 55 157 1 28 5 41 63 1436 4 225 3684 33 45 3 7 3618 67 96 18 52 89 229 1506 356 138
24 670 8 0 6 762 43 281 32 26 73 12 22 55 157 1 28 5 41 63 1436 4 225 3684 33 45 3 7 3618 67 96 18 52 89 229 1506 356 138
25 670 8 0 6 762 43 281 32 26 73 12 22 55 157 1 28 5 41 63 1436 4 225 3684 33 45 3 7 3618 67 96 18 52 89 229 1506 356 138
26 670 8 0 6 762 43 281 32 26 73 12 22 55 157 1 28 5 41 63 1436 4 225 3684 33 45 3 7 3618 67 96 18 52 89 229 1506 356 138
27 670 8 0 6 762 43 281 32 26 73 12 22 55 157 1 28 5 41 63 1436 4 225 3684 33 45 3 7 3618 67 96 18 52 89 229 1506 356 138
28 670 8 0 6 762 43 281 32 26 73 12 22 55 157 1 28 5 41 63 1436 4 225 3684 33 45 3 7 3618 67 96 18 52 89 229 1506 356 138
29 670 8 0 6 762 43 281 32 26 73 12 22 55 157 1 28 5 41 63 1436 4 225 3684 33 45 3 7 3618 67 96 18 52 89 229 1506 356 138
30 670 8 0 6 762 43 281 32 26 73 12 22 55 157 1 28 5 41 63 1436 4 225 3684 33 45 3 7 3618 67 96 18 52 89 229 1506 356 138
31 670 8 0 6 762 43 281 32 26 73 12 22 55 157 1 28 5 41 63 1436 4 225 3684 33 45 3 7 3618 67 96 18 52 89 229 1506 356 138
32 670 8 0 6 762 43 281 32 26 73 12 22 55 157 1 28 5 41 63 1436 4 225 3684 33 45 3 7 3618 67 96 18 52 89 229 1506 356 138
33 670 8 0 6 762 43 281 32 26 73 12 22 55 157 1 28 5 41 63 1436 4 225 3684 33 45 3 7 3618 67 96 18 52 89 229 1506 356 138
34 670 8 0 6 762 43 281 32 26 73 12 22 55 157 1 28 5 41 63 1436 4 225 3684 33 45 3 7 3618 67 96 18 52 89 229 1506 356 138
35 670 8 0 6 762 43 281 32 26 73 12 22 55 157 1 28 5 41 63 1436 4 225 3684 33 45 3 7 3618 67 96 18 52 89 229 1506 356 138
36 670 8 0 6 762 43 281 32 26 73 12 22 55 157 1 28 5 41 63 1436 4 225 3684 33 45 3 7 3618 67 96 18 52 89 229 1506 356 138
37 670 8 0 6 762 43 281 32 26 73 12 22 55 157 1 28 5 41 63 1436 4 225 3684 33 45 3 7 3618 67 96 18 52 89 229 1506 356 138
38 670 8 0 6 762 43 281 32 26 73 12 22 55 157 1 28 5 41 63 1436 4 225 3684 33 45 3 7 3618 67 96 18 52 89 229 1506 356 138
39 670 8 0 6 762 43 281 32 26 73 12 22 55 157 1 28 5 41 63 1436 4 225 3684 33 45 3 7 3618 67 96 18 52 89 229 1506 356 138
40 670 8 0 6 762 43 281 32 26 73 12 22 55 157 1 28 5 41 63 1436 4 225 3684 33 45 3 7 3618 67 96 18 52 89 229 1506 356 138
41 670 8 0 6 762 43 281 32 26 73 12 22 55 157 1 28 5 41 63 1436 4 225 3684 33 45 3 7 3618 67 96 18 52 89 229 1506 356 138
42 670 8 0 6 762 43 281 32 26 73 12 22 55 157 1 28 5 41 63 1436 4 225 3684 33 45 3 7 3618 67 96 18 52 89 229 1506 356 138
43 670 8 0 6 762 43 281 32 26 73 12 22 55 157 1 28 5 41 63 1436 4 225 3684 33 45 3 7 3618 67 96 18 52 89 229 1506 356 138
44 670 8 0 6 762 43 281 32 26 73 12 22 55 157 1 28 5 41 63 1436 4 225 3684 33 45 3 7 3618 67 96 18 52 89 229 1506 356 138
45 670 8 0 6 762 43 281 32 26 73 12 22 55 157 1 28 5 41 63 1436 4 225 3684 33 45 3 7 3618 67 96 18 52 89 229 1506 356 138
46 670 8 0 6 762 43 281 32 26 73 12 22 55 157 1 28 5 41 63 1436 4 225 3684 33 45 3 7 3618 67 96 18 52 89 229 1506 356 138
47 670 8 0 6 762 43 281 32 26 73 12 22 55 157 1 28 5 41 63 1436 4 225 3684 33 45 3 7 3618 67 96 18 52 89 229 1506 356 138
48 670 8 0 6 762 43 281 32 26 73 12 22 55 157 1 28 5 41 63 1436 4 225 3684 33 45 3 7 3618 67 96 18 52 89 229 1506 356 138
49 670 8 0 6 762 43 281 32 26 73 12 22 55 157 1 28 5 41 63 1436 4 225 3684 33 45 3 7 3618 67 96 18 52 89 229 1506 356 138
50 670 8 0 6 762 43 281 32 26 73 12 22 55 157 1 28 5 41 63 1436 4 225 3684 33 45 3 7 3618 67 96 18 52 89 229 1506 356 138
51 670 8 0 6 762 43 281 32 26 73 12 22 55 157 1 28 5 41 63 1436 4 225 3684 33 45 3 7 3618 67 96 18 52 89 229 1506 356 138
52 670 8 0 6 762 43 281 32 26 73 12 22 55 157 1 28 5 41 63 1436 4 225 3684 33 45 3 7 3618 67 96 18 52 89 229 1506 356 138
53 670 8 0 6 762 43 281 32 26 73 12 22 55 157 1 28 5 41 63 1436 4 225 3684 33 45 3 7 3618 67 96 18 52 89 229 1506 356 138
54 670 8 0 6 762 43 281 32 26 73 12 22 55 157 1 28 5 41 63 1436 4 225 3684 33 45 3 7 3618 67 96 18 52 89 229 1506 356 138
55 670 8 0 6 762 43 281 32 26 73 12 22 55 157 1 28 5 41 63 1436 4 225 3684 33 45 3 7 3618 67 96 18 52 89 229 1506 356 138
56 670 8 0 6 762 43 281 32 26 73 12 22 55 157 1 28 5 41 63 1436 4 225 3684 33 45 3 7 3618 67 96 18 52 89 229 1506 356 138
57 670 8 0 6 762 43 281 32 26 73 12 22 55 157 1 28 5 41 63 1436 4 225 3684 33 45 3 7 3618 67 96 18 52 89 229 1506 356 138
58 670 8 0 6 762 43 281 32 26 73 12 22 55 157 1 28 5 41 63 1436 4 225 3684 33 45 3 7 3618 67 96 18 52 89 229 1506 356 138
59 670 8 0 6 762 43 281 32 26 73 12 22 55 157 1 28 5 41 63 1436 4 225 3684 33 45 3 7 3618 67 96 18 52 89 229 1506 356 138
60 670 8 0 6 762 43 281 32 26 73 12 22 55 157 1 28 5 41 63 1436 4 225 3684 33 45 3 7 3618 67 96 18 52 89 229 1506 356 138
61 670 8 0 6 762 43 281 32 26 73 12 22 55 157 1 28 5 41 63 1436 4 225 3684 33 45 3 7 3618 67 96 18 52 89 229 1506 356 138
62 670 8 0 6 762 43 281 32 26 73 12 22 55 157 1 28 5 41 63 1436 4 225 3684 33 45 3 7 3618 67 96 18 52 89 229 1506 356 138
63 670 8 0 6 762 43 281 32 26 73 12 22 55 157 1 28 5 41 63 1436 4 225 3684 33 45 3 7 3618 67 96 18 52 89 229 1506 356 138
64 670 8 0 6 762 43 281 32 26 73 12 22 55 157 1 28 5 41 63 1436 4 225 3684 33 45 3 7 3618 67 96 18 52 89 229 1506 356 138
65 670 8 0 6 762 43 281 32 26 73 12 22 55 157 1 28 5 41 63 1436 4 225 3684 33 45 3 7 3618 67 96 18 52 89 229 1506 356 138
66 670 8 0 6 762 43 281 32 26 73 12 22 55 157 1 28 5 41 63 1436 4 225 3684 33 45 3 7 3618 67 96 18 52 89 229 1506 356 138
67 670 8 0 6 762 43 281 32 26 73 12 22 55 157 1 28 5 41 63 1436 4 225 3684 33 45 3 7 3618 67 96 18 52 89 229 1506 356 138
68 670 8 0 6 762 43 281 32 26 73 12 22 55 157 1 28 5 41 63 1436 4 225 3684 33 45 3 7 3618 67 96 18 52 89 229 1506 356 138
69 670 8 0 6 762 43 281 32 26 73 12 22 55 157 1 28 5 41 63 1436 4 225 3684 33 45 3 7 3618 67 96 18 52 89 229 1506 356 138
70 670 8 0 6 762 43 281 32 26 73 12 22 55 157 1 28 5 41 63 1436 4 225 3684 33 45 3 7 3618 67 96 18 52 89 229 1506 356 138
71 670 8 0 6 762 43 281 32 26 73 12 22 55 157 1 28 5 41 63 1436 4 225 3684 33 45 3 7 3618 67 96 18 52 89 229 1506 356 138
72 670 8 0 6 762 43 281 32 26 73 12 22 55 157 1 28 5 41 63 1436 4 225 3684 33 45 3 7 3618 67 96 18 52 89 229 1506 356 138
73 670 8 0 6 762 43 281 32 26 73 12 22 55 157 1 28 5 41 63 1436 4 225 3684 33 45 3 7 3618 67 96 18 52 89 229 1506 356 138
74 670 8 0 6 762 43 281 32 26 73 12 22 55 157 1 28 5 41 63 1436 4 225 3684 33 45 3 7 3618 67 96 18 52 89 229 1506 356 138
75 670 8 0 6 762 43 281 32 26 73 12 22 55 157 1 28 5 41 63 1436 4 225 3684 33 45 3 7 3618 67 96 18 52 89 229 1506 356 138
76 670 8 0 6 762 43 281 32 26 73 12 22 55 157 1 28 5 41 63 1436 4 225 3684 33 45 3 7 3618 67 96 18 52 89 229 1506 356 138
77 670 8 0 6 762 43 281 32 26 73 12 22 55 157 1 28 5 41 63 1436 4 225 3684 33 45 3 7 3618 67 96 18 52 89 229 1506 356 138
78 670 8 0 6 762 43 281 32 26 73 12 22 55 157 1 28 5 41 63 1436 4 225 3684 33 45 3 7 3618 67 96 18 52 89 229 1506 356 138
79 670 8 0 6 762 43 281 32 26 73 12 22 55 157 1 28 5 41 63 1436 4 225 3684 33 45 3 7 3618 67 96 18 52 89 229 1506 356 138
80 670 8 0 6 762 43 281 32 26 73 12 22 55 157 1 28 5 41 63 1436 4 225 3684 33 45 3 7 3618 67 96 18 52 89 229 1506 356 138
81 670 8 0 6 762 43 281 32 26 73 12 22 55 157 1 28 5 41 63 1436 4 225 3684 33 45 3 7 3618 67 96 18 52 89 229 1506 356 138
82 670 8 0 6 762 43 281 32 26 73 12 22 55 157 1 28 5 41 63 1436 4 225 3684 33 45 3 7 3618 67 96 18 52 89 229 1506 356 138
83 670 8 0 6 762 43 281 32 26 73 12 22 55 157 1 28 5 41 63 1436 4 225 3684 33 45 3 7 3618 67 96 18 52 89 229 1506 356 138
84 670 8 0 6 762 43 281 32 26 73 12 22 55 157 1 28 5 41 63 1436 4 225 3684 33 45 3 7 3618 67 96 18 52 89 229 1506 356 138
85 670 8 0 6 762 43 281 32 26 73 12 22 55 157 1 28 5 41 63 1436 4 225 3684 33 45 3 7 3618 67 96 18 52 89 229 1506 356 138
86 670 8 0 6 762 43 281 32 26 73 12 22 55 157 1 28 5 41 63 1436 4 225 3684 33 45 3 7 3618 67 96 18 52 89 229 1506 356 138
87 670 8 0 6 762 43 281 32 26 73 12 22 55 157 1 28 5 41 63 1436 4 225 3684 33 45 3 7 3618 67 96 18 52 89 229 1506 356 138
88 670 8 0 6 762 43 281 32 26 73 12 22 55 157 1 28 5 41 63 1436 4 225 3684 33 45 3 7 3618 67 96 18 52 89 229 1506 356 138
89 670 8 0 6 762 43 281 32 26 73 12 22 55 157 1 28 5 41 63 1436 4 225 3684 33 45 3 7 3618 67 96 18 52 89 229 1506 356 138
90 670 8 0 6 762 43 281 32 26 73 12 22 55 157 1 28 5 41 63 1436 4 225 3684 33 45 3 7 3618 67 96 18 52 89 229 1506 356 138
91 670 8 0 6 762 43 281 32 26 73 12 22 55 157 1 28 5 41 63 1436 4 225 3684 33 45 3 7 3618 67 96 18 52 89 229 1506 356 138
92 670 8 0 6 762 43 281 32 26 73 12 22 55 157 1 28 5 41 63 1436 4 225 3684 33 45 3 7 3618 67 96 18 52 89 229 1506 356 138
93 670 8 0 6 762 43 281 32 26 73 12 22 55 157 1 28 5 41 63 1436 4 225 3684 33 45 3 7 3618 67 96 18 52 89 229 1506 356 138
94 670 8 0 6 762 43 281 32 26 73 12 22 55 157 1 28 5 41 63 1436 4 225 3684 33 45 3 7 3618 67 96 18 52 89 229 1506 356 138
95 670 8 0 6 762 43 281 32 26 73 12 22 55 157 1 28 5 41 63 1436 4 225 3684 33 45 3 7 3618 67 96 18 52 89 229 1506 356 138
96 670 8 0 6 762 43 281 32 26 73 12 22 55 157 1 28 5 41 63 1436 4 225 3684 33 45 3 7 3618 67 96 18 52 89 229 1506 356 138
97 670 8 0 6 762 43 281 32 26 73 12 22 55 157 1 28 5 41 63 1436 4 225 3684 33 45 3 7 3618 67 96 18 52 89 229 1506 356 138
98 670 8 0 6 762 43 281 32 26 73 12 22 55 157 1 28 5 41 63 1436 4 225 3684 33 45 3 7 3618 67 96 18 52 89 229 1506 356 138
99 670 8 0 6 762 43 281 32 26 73 12 22 55 157 1 28 5 41 63 1436 4 225 3684 33 45 3 7 3618 67 96 18 52 89 229 1506 356 138
